<?xml version="1.0" encoding="UTF-8"?>
<testsuite xmlns:xsi="http://www.w3.org/2001/XMLSchema-instance" xsi:noNamespaceSchemaLocation="https://maven.apache.org/surefire/maven-failsafe-plugin/xsd/failsafe-test-report-3.0.xsd" version="3.0" name="CucumberTestSuite" time="163.338" tests="8" errors="0" skipped="0" failures="0">
  <properties>
[...]
</properties>
  <testcase name="Login with invalid username and invalid password" classname="Login" time="29.081">
    <system-out><![CDATA[19:59:19.383 [main] INFO io.cucumber.core.plugin.SerenityReporter - Running feature from file:///C:/Users/ASUS/IdeaProjects/DemoQA/src/test/resources/features/login.feature
19:59:19.582 [main] INFO  - 

-------------------------------------------------------------------------------------
     _______. _______ .______       _______ .__   __.  __  .___________.____    ____ 
    /       ||   ____||   _  \     |   ____||  \ |  | |  | |           |\   \  /   / 
   |   (----`|  |__   |  |_)  |    |  |__   |   \|  | |  | `---|  |----` \   \/   /  
    \   \    |   __|  |      /     |   __|  |  . `  | |  |     |  |       \_    _/   
.----)   |   |  |____ |  |\  \----.|  |____ |  |\   | |  |     |  |         |  |     
|_______/    |_______|| _| `._____||_______||__| \__| |__|     |__|         |__|    
                                                                                     
 News and tutorials at http://www.serenity-bdd.info                                  
 Documentation at https://wakaleo.gitbooks.io/the-serenity-book/content/             
 Join the Serenity Community on Gitter: https://gitter.im/serenity-bdd/serenity-core 
 Serenity BDD Support and Training at http://serenity-bdd.info/#/trainingandsupport  
-------------------------------------------------------------------------------------

19:59:19.586 [main] DEBUG net.thucydides.core.steps.StepEventBus - Test suite started for story net.thucydides.core.model.Story@f388ff28
19:59:19.592 [main] INFO  - Test Suite Started: Login
19:59:19.609 [main] INFO io.cucumber.core.plugin.SerenityReporter - Running feature from file:///C:/Users/ASUS/IdeaProjects/DemoQA/src/test/resources/features/login.feature
19:59:19.612 [main] DEBUG net.thucydides.core.steps.StepEventBus - Test suite started for story net.thucydides.core.model.Story@f388ff28
19:59:19.613 [main] INFO  - Test Suite Started: Login

Scenario: Login with invalid username and invalid password &amp#27;[90m# src/test/resources/features/login.feature:6&amp#27;[0m
19:59:19.701 [main] INFO io.cucumber.core.plugin.SerenityReporter - Running feature from file:///C:/Users/ASUS/IdeaProjects/DemoQA/src/test/resources/features/login.feature
19:59:19.846 [main] INFO  - 
  _____   ___   ___   _____     ___   _____     _     ___   _____   ___   ___  
 |_   _| | __| / __| |_   _|   / __| |_   _|   /_\   | _ \ |_   _| | __| |   \ 
   | |   | _|  \__ \   | |     \__ \   | |    / _ \  |   /   | |   | _|  | |) |
   |_|   |___| |___/   |_|     |___/   |_|   /_/ \_\ |_|_\   |_|   |___| |___/ 

Login with invalid username and invalid password(login;login-with-invalid-username-and-invalid-password)
--------------------------------------------------------------------------------
19:59:20.673 [main] INFO net.serenitybdd.core.webdriver.driverproviders.ChromeDriverProvider - Using automatically driver download
19:59:21.425 [main] DEBUG io.github.bonigarcia.wdm.cache.ResolutionCache - Resolution chrome=106 in cache (valid until 20:17:04 10/10/2022 ICT)
19:59:21.431 [main] DEBUG io.github.bonigarcia.wdm.cache.ResolutionCache - Resolution chrome106=106.0.5249.61 in cache (valid until 23:39:47 10/10/2022 ICT)
19:59:21.434 [main] INFO io.github.bonigarcia.wdm.WebDriverManager - Using chromedriver 106.0.5249.61 (resolved driver for Chrome 106)
19:59:21.455 [main] DEBUG io.github.bonigarcia.wdm.WebDriverManager - Driver chromedriver 106.0.5249.61 found in cache
19:59:21.456 [main] INFO io.github.bonigarcia.wdm.WebDriverManager - Exporting webdriver.chrome.driver as C:\Users\ASUS\.cache\selenium\chromedriver\win32\106.0.5249.61\chromedriver.exe
19:59:22.139 [main] DEBUG net.thucydides.core.reflection.ClassFinder - Could not load class .CucumberTestSuite
19:59:22.139 [main] DEBUG net.thucydides.core.reflection.ClassFinder - Could not load class .starter.page.LoginPage
19:59:22.139 [main] DEBUG net.thucydides.core.reflection.ClassFinder - Could not load class .starter.stepdefinition.LoginSteps
19:59:22.140 [main] DEBUG net.thucydides.core.reflection.ClassFinder - Could not load class META-INF.versions.9.com.sun.istack.logging.StackHelper
19:59:22.141 [main] DEBUG net.thucydides.core.reflection.ClassFinder - Could not load class META-INF.versions.9.com.sun.xml.bind.v2.runtime.reflect.opt.AccessorInjector
19:59:22.141 [main] DEBUG net.thucydides.core.reflection.ClassFinder - Could not load class META-INF.versions.9.com.sun.xml.bind.v2.runtime.reflect.opt.Injector
19:59:22.141 [main] DEBUG net.thucydides.core.reflection.ClassFinder - Could not load class META-INF.versions.9.com.sun.xml.bind.v2.runtime.reflect.opt.OptimizedAccessorFactory
19:59:22.142 [main] DEBUG net.thucydides.core.reflection.ClassFinder - Could not load class META-INF.versions.9.com.sun.xml.bind.v2.runtime.reflect.opt.OptimizedTransducedAccessorFactory
19:59:22.142 [main] DEBUG net.thucydides.core.reflection.ClassFinder - Could not load class META-INF.versions.9.io.opentelemetry.sdk.internal.CurrentJavaVersionSpecific
19:59:22.142 [main] DEBUG net.thucydides.core.reflection.ClassFinder - Could not load class META-INF.versions.9.io.opentelemetry.sdk.internal.Java9VersionSpecific
19:59:22.143 [main] DEBUG net.thucydides.core.reflection.ClassFinder - Could not load class META-INF.versions.9.javax.xml.bind.ModuleUtil
19:59:22.144 [main] DEBUG net.thucydides.core.reflection.ClassFinder - Could not load class META-INF.versions.9.module-info
19:59:22.144 [main] DEBUG net.thucydides.core.reflection.ClassFinder - Could not load class META-INF.versions.9.org.junit.platform.commons.util.ModuleUtils
19:59:22.703 [main] DEBUG net.thucydides.core.reflection.ClassFinder - Could not load class com.google.gson.internal.
19:59:23.084 [main] DEBUG net.thucydides.core.reflection.ClassFinder - Could not load class com.sun.xml.bind.v2.runtime.output.FastInfosetStreamWriterOutput
19:59:24.179 [main] DEBUG net.thucydides.core.reflection.ClassFinder - Could not load class module-info
19:59:28.615 [main] DEBUG io.netty.util.internal.logging.InternalLoggerFactory - Using SLF4J as the default logging framework
19:59:28.618 [main] DEBUG io.netty.util.ResourceLeakDetector - -Dio.netty.leakDetection.level: simple
19:59:28.618 [main] DEBUG io.netty.util.ResourceLeakDetector - -Dio.netty.leakDetection.targetRecords: 4
19:59:28.622 [main] DEBUG io.netty.util.ResourceLeakDetectorFactory - Loaded default ResourceLeakDetector: io.netty.util.ResourceLeakDetector@3698f2ed
19:59:28.642 [main] DEBUG io.netty.util.internal.PlatformDependent0 - -Dio.netty.noUnsafe: false
19:59:28.643 [main] DEBUG io.netty.util.internal.PlatformDependent0 - Java version: 11
19:59:28.644 [main] DEBUG io.netty.util.internal.PlatformDependent0 - sun.misc.Unsafe.theUnsafe: available
19:59:28.644 [main] DEBUG io.netty.util.internal.PlatformDependent0 - sun.misc.Unsafe.copyMemory: available
19:59:28.645 [main] DEBUG io.netty.util.internal.PlatformDependent0 - java.nio.Buffer.address: available
19:59:28.645 [main] DEBUG io.netty.util.internal.PlatformDependent0 - direct buffer constructor: unavailable: Reflective setAccessible(true) disabled
19:59:28.646 [main] DEBUG io.netty.util.internal.PlatformDependent0 - java.nio.Bits.unaligned: available, true
19:59:28.647 [main] DEBUG io.netty.util.internal.PlatformDependent0 - jdk.internal.misc.Unsafe.allocateUninitializedArray(int): unavailable: class io.netty.util.internal.PlatformDependent0$6 cannot access class jdk.internal.misc.Unsafe (in module java.base) because module java.base does not export jdk.internal.misc to unnamed module @b93aad
19:59:28.649 [main] DEBUG io.netty.util.internal.PlatformDependent0 - java.nio.DirectByteBuffer.<init>(long, int): unavailable
19:59:28.649 [main] DEBUG io.netty.util.internal.PlatformDependent - sun.misc.Unsafe: available
19:59:28.651 [main] DEBUG io.netty.util.internal.PlatformDependent - maxDirectMemory: 2109734912 bytes (maybe)
19:59:28.651 [main] DEBUG io.netty.util.internal.PlatformDependent - -Dio.netty.tmpdir: C:\Users\ASUS\AppData\Local\Temp (java.io.tmpdir)
19:59:28.651 [main] DEBUG io.netty.util.internal.PlatformDependent - -Dio.netty.bitMode: 64 (sun.arch.data.model)
19:59:28.651 [main] DEBUG io.netty.util.internal.PlatformDependent - Platform: Windows
19:59:28.652 [main] DEBUG io.netty.util.internal.PlatformDependent - -Dio.netty.maxDirectMemory: -1 bytes
19:59:28.652 [main] DEBUG io.netty.util.internal.PlatformDependent - -Dio.netty.uninitializedArrayAllocationThreshold: -1
19:59:28.653 [main] DEBUG io.netty.util.internal.CleanerJava9 - java.nio.ByteBuffer.cleaner(): available
19:59:28.653 [main] DEBUG io.netty.util.internal.PlatformDependent - -Dio.netty.noPreferDirect: false
19:59:28.661 [main] DEBUG io.netty.util.internal.PlatformDependent - org.jctools-core.MpscChunkedArrayQueue: available
19:59:28.680 [main] DEBUG io.netty.util.internal.InternalThreadLocalMap - -Dio.netty.threadLocalMap.stringBuilder.initialSize: 1024
19:59:28.680 [main] DEBUG io.netty.util.internal.InternalThreadLocalMap - -Dio.netty.threadLocalMap.stringBuilder.maxSize: 4096
19:59:28.737 [main] DEBUG io.netty.handler.ssl.JdkSslContext - Default protocols (JDK): [TLSv1.3, TLSv1.2] 
19:59:28.737 [main] DEBUG io.netty.handler.ssl.JdkSslContext - Default cipher suites (JDK): [TLS_ECDHE_ECDSA_WITH_AES_256_GCM_SHA384, TLS_ECDHE_ECDSA_WITH_AES_128_GCM_SHA256, TLS_ECDHE_RSA_WITH_AES_128_GCM_SHA256, TLS_ECDHE_RSA_WITH_AES_256_GCM_SHA384, TLS_ECDHE_RSA_WITH_AES_128_CBC_SHA, TLS_ECDHE_RSA_WITH_AES_256_CBC_SHA, TLS_RSA_WITH_AES_128_GCM_SHA256, TLS_RSA_WITH_AES_128_CBC_SHA, TLS_RSA_WITH_AES_256_CBC_SHA, TLS_AES_128_GCM_SHA256, TLS_AES_256_GCM_SHA384]
19:59:28.765 [main] DEBUG io.netty.channel.MultithreadEventLoopGroup - -Dio.netty.eventLoopThreads: 24
19:59:28.775 [main] DEBUG io.netty.channel.nio.NioEventLoop - -Dio.netty.noKeySetOptimization: false
19:59:28.775 [main] DEBUG io.netty.channel.nio.NioEventLoop - -Dio.netty.selectorAutoRebuildThreshold: 512
19:59:28.824 [main] DEBUG io.netty.buffer.PooledByteBufAllocator - -Dio.netty.allocator.numHeapArenas: 20
19:59:28.824 [main] DEBUG io.netty.buffer.PooledByteBufAllocator - -Dio.netty.allocator.numDirectArenas: 20
19:59:28.824 [main] DEBUG io.netty.buffer.PooledByteBufAllocator - -Dio.netty.allocator.pageSize: 8192
19:59:28.824 [main] DEBUG io.netty.buffer.PooledByteBufAllocator - -Dio.netty.allocator.maxOrder: 11
19:59:28.824 [main] DEBUG io.netty.buffer.PooledByteBufAllocator - -Dio.netty.allocator.chunkSize: 16777216
19:59:28.824 [main] DEBUG io.netty.buffer.PooledByteBufAllocator - -Dio.netty.allocator.smallCacheSize: 256
19:59:28.824 [main] DEBUG io.netty.buffer.PooledByteBufAllocator - -Dio.netty.allocator.normalCacheSize: 64
19:59:28.824 [main] DEBUG io.netty.buffer.PooledByteBufAllocator - -Dio.netty.allocator.maxCachedBufferCapacity: 32768
19:59:28.824 [main] DEBUG io.netty.buffer.PooledByteBufAllocator - -Dio.netty.allocator.cacheTrimInterval: 8192
19:59:28.824 [main] DEBUG io.netty.buffer.PooledByteBufAllocator - -Dio.netty.allocator.cacheTrimIntervalMillis: 0
19:59:28.824 [main] DEBUG io.netty.buffer.PooledByteBufAllocator - -Dio.netty.allocator.useCacheForAllThreads: true
19:59:28.824 [main] DEBUG io.netty.buffer.PooledByteBufAllocator - -Dio.netty.allocator.maxCachedByteBuffersPerChunk: 1023
19:59:28.836 [main] DEBUG io.netty.buffer.ByteBufUtil - -Dio.netty.allocator.type: pooled
19:59:28.836 [main] DEBUG io.netty.buffer.ByteBufUtil - -Dio.netty.threadLocalDirectBufferSize: 0
19:59:28.837 [main] DEBUG io.netty.buffer.ByteBufUtil - -Dio.netty.maxThreadLocalCharBufferSize: 16384
19:59:29.039 [main] DEBUG net.serenitybdd.core.webdriver.driverproviders.ProvideNewDriver - Instantiating driver
19:59:29.039 [main] DEBUG net.serenitybdd.core.webdriver.driverproviders.ProvideNewDriver - Driver capabilities: Capabilities {acceptInsecureCerts: false, base.url: https://demoqa.com, browserName: chrome, chrome.driver: src/test/resources/webdrive..., driver: chrome, goog:chromeOptions: {args: [], extensions: []}}
19:59:29.312 [Forwarding newSession on session null to remote] DEBUG io.netty.channel.DefaultChannelId - -Dio.netty.processId: 20752 (auto-detected)
19:59:29.316 [Forwarding newSession on session null to remote] DEBUG io.netty.util.NetUtil - -Djava.net.preferIPv4Stack: false
19:59:29.317 [Forwarding newSession on session null to remote] DEBUG io.netty.util.NetUtil - -Djava.net.preferIPv6Addresses: false
19:59:29.510 [Forwarding newSession on session null to remote] DEBUG io.netty.util.NetUtilInitializations - Loopback interface: lo (Software Loopback Interface 1, 127.0.0.1)
19:59:29.511 [Forwarding newSession on session null to remote] DEBUG io.netty.util.NetUtil - Failed to get SOMAXCONN from sysctl and file \proc\sys\net\core\somaxconn. Default: 200
19:59:29.703 [Forwarding newSession on session null to remote] DEBUG io.netty.channel.DefaultChannelId - -Dio.netty.machineId: a0:51:0b:ff:fe:bd:6a:be (auto-detected)
19:59:29.776 [AsyncHttpClient-1-2] DEBUG io.netty.buffer.AbstractByteBuf - -Dio.netty.buffer.checkAccessible: true
19:59:29.778 [AsyncHttpClient-1-2] DEBUG io.netty.buffer.AbstractByteBuf - -Dio.netty.buffer.checkBounds: true
19:59:29.778 [AsyncHttpClient-1-2] DEBUG io.netty.util.ResourceLeakDetectorFactory - Loaded default ResourceLeakDetector: io.netty.util.ResourceLeakDetector@758300f6
19:59:29.794 [AsyncHttpClient-1-2] DEBUG org.asynchttpclient.netty.channel.NettyConnectListener - Using new Channel '[id: 0xebe104aa, L:/127.0.0.1:59837 - R:localhost/127.0.0.1:57305]' for 'POST' to '/session'
19:59:29.812 [AsyncHttpClient-1-2] DEBUG io.netty.util.Recycler - -Dio.netty.recycler.maxCapacityPerThread: 4096
19:59:29.812 [AsyncHttpClient-1-2] DEBUG io.netty.util.Recycler - -Dio.netty.recycler.ratio: 8
19:59:29.812 [AsyncHttpClient-1-2] DEBUG io.netty.util.Recycler - -Dio.netty.recycler.chunkSize: 32
19:59:29.813 [AsyncHttpClient-1-2] DEBUG io.netty.util.Recycler - -Dio.netty.recycler.blocking: false
19:59:33.583 [AsyncHttpClient-1-2] DEBUG io.netty.handler.codec.compression.Brotli - brotli4j not in the classpath; Brotli support will be unavailable.
19:59:33.583 [AsyncHttpClient-1-2] DEBUG org.asynchttpclient.netty.handler.HttpHandler - 

Request DefaultHttpRequest(decodeResult: success, version: HTTP/1.1)
POST /session HTTP/1.1
User-Agent: selenium/4.1.2 (java windows)
Content-Length: 599
Content-Type: application/json; charset=utf-8
host: localhost:57305
accept: */*

Response DefaultHttpResponse(decodeResult: success, version: HTTP/1.1)
HTTP/1.1 200 OK
Content-Type: application/json; charset=utf-8
cache-control: no-cache
content-length: 790

19:59:33.594 [AsyncHttpClient-1-2] DEBUG org.asynchttpclient.netty.channel.ChannelManager - Adding key: http://localhost:57305 for channel [id: 0xebe104aa, L:/127.0.0.1:59837 - R:localhost/127.0.0.1:57305]
19:59:33.657 [AsyncHttpClient-1-3] DEBUG org.asynchttpclient.netty.channel.NettyConnectListener - Using new Channel '[id: 0x645cc811, L:/127.0.0.1:59845 - R:localhost/127.0.0.1:59839]' for 'GET' to '/json/version'
19:59:33.664 [AsyncHttpClient-1-3] DEBUG org.asynchttpclient.netty.handler.HttpHandler - 

Request DefaultFullHttpRequest(decodeResult: success, version: HTTP/1.1, content: EmptyByteBufBE)
GET /json/version HTTP/1.1
User-Agent: selenium/4.1.2 (java windows)
host: localhost:59839
accept: */*

Response DefaultHttpResponse(decodeResult: success, version: HTTP/1.1)
HTTP/1.1 200 OK
Content-Type: application/json; charset=UTF-8
content-length: 424

19:59:33.665 [AsyncHttpClient-1-3] DEBUG org.asynchttpclient.netty.channel.ChannelManager - Adding key: http://localhost:59839 for channel [id: 0x645cc811, L:/127.0.0.1:59845 - R:localhost/127.0.0.1:59839]
19:59:33.672 [main] DEBUG io.netty.util.internal.ThreadLocalRandom - -Dio.netty.initialSeedUniquifier: 0xb983d4e247d1f1c2
19:59:33.678 [AsyncHttpClient-1-4] DEBUG org.asynchttpclient.netty.channel.NettyConnectListener - Using new Channel '[id: 0xac9df8c6, L:/127.0.0.1:59846 - R:localhost/127.0.0.1:59839]' for 'GET' to '/devtools/browser/00161fdd-9670-4387-abe5-139c294ce2cc'
19:59:33.685 [AsyncHttpClient-1-4] DEBUG org.asynchttpclient.netty.handler.WebSocketHandler - 

Request DefaultFullHttpRequest(decodeResult: success, version: HTTP/1.1, content: EmptyByteBufBE)
GET /devtools/browser/00161fdd-9670-4387-abe5-139c294ce2cc HTTP/1.1
upgrade: websocket
connection: upgrade
sec-websocket-key: pgDIbZJrk5ZA+RFysCCMJw==
sec-websocket-version: 13
origin: http://localhost:59839
host: localhost:59839
accept: */*
user-agent: AHC/2.1

Response DefaultHttpResponse(decodeResult: success, version: HTTP/1.1)
HTTP/1.1 101 WebSocket Protocol Handshake
Upgrade: WebSocket
Connection: Upgrade
Sec-WebSocket-Accept: pQl4O7jZd8JxaGwcpOEKLii7ptg=

19:59:34.167 [AsyncHttpClient-1-1] DEBUG org.asynchttpclient.netty.channel.DefaultChannelPool - Entry count for : http://localhost:59839 : 1
19:59:34.167 [AsyncHttpClient-1-1] DEBUG org.asynchttpclient.netty.channel.DefaultChannelPool - Entry count for : http://localhost:57305 : 1
19:59:34.340 [main] DEBUG net.thucydides.core.reflection.ClassFinder - Could not load class .CucumberTestSuite
19:59:34.341 [main] DEBUG net.thucydides.core.reflection.ClassFinder - Could not load class .starter.page.LoginPage
19:59:34.341 [main] DEBUG net.thucydides.core.reflection.ClassFinder - Could not load class .starter.stepdefinition.LoginSteps
19:59:34.342 [main] DEBUG net.thucydides.core.reflection.ClassFinder - Could not load class META-INF.versions.9.com.sun.istack.logging.StackHelper
19:59:34.343 [main] DEBUG net.thucydides.core.reflection.ClassFinder - Could not load class META-INF.versions.9.com.sun.xml.bind.v2.runtime.reflect.opt.AccessorInjector
19:59:34.344 [main] DEBUG net.thucydides.core.reflection.ClassFinder - Could not load class META-INF.versions.9.com.sun.xml.bind.v2.runtime.reflect.opt.Injector
19:59:34.345 [main] DEBUG net.thucydides.core.reflection.ClassFinder - Could not load class META-INF.versions.9.com.sun.xml.bind.v2.runtime.reflect.opt.OptimizedAccessorFactory
19:59:34.345 [main] DEBUG net.thucydides.core.reflection.ClassFinder - Could not load class META-INF.versions.9.com.sun.xml.bind.v2.runtime.reflect.opt.OptimizedTransducedAccessorFactory
19:59:34.345 [main] DEBUG net.thucydides.core.reflection.ClassFinder - Could not load class META-INF.versions.9.io.opentelemetry.sdk.internal.CurrentJavaVersionSpecific
19:59:34.346 [main] DEBUG net.thucydides.core.reflection.ClassFinder - Could not load class META-INF.versions.9.io.opentelemetry.sdk.internal.Java9VersionSpecific
19:59:34.347 [main] DEBUG net.thucydides.core.reflection.ClassFinder - Could not load class META-INF.versions.9.javax.xml.bind.ModuleUtil
19:59:34.348 [main] DEBUG net.thucydides.core.reflection.ClassFinder - Could not load class META-INF.versions.9.module-info
19:59:34.349 [main] DEBUG net.thucydides.core.reflection.ClassFinder - Could not load class META-INF.versions.9.org.junit.platform.commons.util.ModuleUtils
19:59:34.350 [main] DEBUG net.thucydides.core.reflection.ClassFinder - Could not load class com.google.gson.internal.
19:59:34.351 [main] DEBUG net.thucydides.core.reflection.ClassFinder - Could not load class com.sun.xml.bind.v2.runtime.output.FastInfosetStreamWriterOutput
19:59:34.354 [main] DEBUG net.thucydides.core.reflection.ClassFinder - Could not load class module-info
19:59:34.374 [Forwarding get on session b7fe345dac770d439a916605c2c09a3a to remote] DEBUG org.asynchttpclient.netty.request.NettyRequestSender - Using pooled Channel '[id: 0xebe104aa, L:/127.0.0.1:59837 - R:localhost/127.0.0.1:57305]' for 'POST' to 'http://localhost:57305/session/b7fe345dac770d439a916605c2c09a3a/url'
19:59:34.374 [Forwarding get on session b7fe345dac770d439a916605c2c09a3a to remote] DEBUG org.asynchttpclient.netty.request.NettyRequestSender - Using open Channel [id: 0xebe104aa, L:/127.0.0.1:59837 - R:localhost/127.0.0.1:57305] for POST '/session/b7fe345dac770d439a916605c2c09a3a/url'
19:59:35.266 [AsyncHttpClient-1-1] DEBUG org.asynchttpclient.netty.channel.DefaultChannelPool - Entry count for : http://localhost:59839 : 1
19:59:36.373 [AsyncHttpClient-1-1] DEBUG org.asynchttpclient.netty.channel.DefaultChannelPool - Entry count for : http://localhost:59839 : 1
19:59:37.465 [AsyncHttpClient-1-1] DEBUG org.asynchttpclient.netty.channel.DefaultChannelPool - Entry count for : http://localhost:59839 : 1
19:59:38.566 [AsyncHttpClient-1-1] DEBUG org.asynchttpclient.netty.channel.DefaultChannelPool - Entry count for : http://localhost:59839 : 1
19:59:39.666 [AsyncHttpClient-1-1] DEBUG org.asynchttpclient.netty.channel.DefaultChannelPool - Entry count for : http://localhost:59839 : 1
19:59:40.770 [AsyncHttpClient-1-1] DEBUG org.asynchttpclient.netty.channel.DefaultChannelPool - Entry count for : http://localhost:59839 : 1
19:59:41.865 [AsyncHttpClient-1-1] DEBUG org.asynchttpclient.netty.channel.DefaultChannelPool - Entry count for : http://localhost:59839 : 1
19:59:42.966 [AsyncHttpClient-1-1] DEBUG org.asynchttpclient.netty.channel.DefaultChannelPool - Entry count for : http://localhost:59839 : 1
19:59:43.566 [AsyncHttpClient-1-2] DEBUG org.asynchttpclient.netty.handler.HttpHandler - 

Request DefaultHttpRequest(decodeResult: success, version: HTTP/1.1)
POST /session/b7fe345dac770d439a916605c2c09a3a/url HTTP/1.1
User-Agent: selenium/4.1.2 (java windows)
Content-Length: 54
Content-Type: application/json; charset=utf-8
host: localhost:57305
accept: */*

Response DefaultHttpResponse(decodeResult: success, version: HTTP/1.1)
HTTP/1.1 200 OK
Content-Type: application/json; charset=utf-8
cache-control: no-cache
content-length: 14

19:59:43.567 [AsyncHttpClient-1-2] DEBUG org.asynchttpclient.netty.channel.ChannelManager - Adding key: http://localhost:57305 for channel [id: 0xebe104aa, L:/127.0.0.1:59837 - R:localhost/127.0.0.1:57305]
19:59:43.587 [Forwarding setTimeout on session b7fe345dac770d439a916605c2c09a3a to remote] DEBUG org.asynchttpclient.netty.request.NettyRequestSender - Using pooled Channel '[id: 0xebe104aa, L:/127.0.0.1:59837 - R:localhost/127.0.0.1:57305]' for 'POST' to 'http://localhost:57305/session/b7fe345dac770d439a916605c2c09a3a/timeouts'
19:59:43.588 [Forwarding setTimeout on session b7fe345dac770d439a916605c2c09a3a to remote] DEBUG org.asynchttpclient.netty.request.NettyRequestSender - Using open Channel [id: 0xebe104aa, L:/127.0.0.1:59837 - R:localhost/127.0.0.1:57305] for POST '/session/b7fe345dac770d439a916605c2c09a3a/timeouts'
19:59:43.594 [AsyncHttpClient-1-2] DEBUG org.asynchttpclient.netty.handler.HttpHandler - 

Request DefaultHttpRequest(decodeResult: success, version: HTTP/1.1)
POST /session/b7fe345dac770d439a916605c2c09a3a/timeouts HTTP/1.1
User-Agent: selenium/4.1.2 (java windows)
Content-Length: 22
Content-Type: application/json; charset=utf-8
host: localhost:57305
accept: */*

Response DefaultHttpResponse(decodeResult: success, version: HTTP/1.1)
HTTP/1.1 200 OK
Content-Type: application/json; charset=utf-8
cache-control: no-cache
content-length: 14

19:59:43.595 [AsyncHttpClient-1-2] DEBUG org.asynchttpclient.netty.channel.ChannelManager - Adding key: http://localhost:57305 for channel [id: 0xebe104aa, L:/127.0.0.1:59837 - R:localhost/127.0.0.1:57305]
19:59:43.621 [Forwarding getCurrentUrl on session b7fe345dac770d439a916605c2c09a3a to remote] DEBUG org.asynchttpclient.netty.request.NettyRequestSender - Using pooled Channel '[id: 0xebe104aa, L:/127.0.0.1:59837 - R:localhost/127.0.0.1:57305]' for 'GET' to 'http://localhost:57305/session/b7fe345dac770d439a916605c2c09a3a/url'
19:59:43.621 [Forwarding getCurrentUrl on session b7fe345dac770d439a916605c2c09a3a to remote] DEBUG org.asynchttpclient.netty.request.NettyRequestSender - Using open Channel [id: 0xebe104aa, L:/127.0.0.1:59837 - R:localhost/127.0.0.1:57305] for GET '/session/b7fe345dac770d439a916605c2c09a3a/url'
19:59:43.638 [AsyncHttpClient-1-2] DEBUG org.asynchttpclient.netty.handler.HttpHandler - 

Request DefaultFullHttpRequest(decodeResult: success, version: HTTP/1.1, content: EmptyByteBufBE)
GET /session/b7fe345dac770d439a916605c2c09a3a/url HTTP/1.1
User-Agent: selenium/4.1.2 (java windows)
Cache-Control: no-cache
Content-Type: application/json; charset=utf-8
host: localhost:57305
accept: */*

Response DefaultHttpResponse(decodeResult: success, version: HTTP/1.1)
HTTP/1.1 200 OK
Content-Type: application/json; charset=utf-8
cache-control: no-cache
content-length: 36

19:59:43.639 [AsyncHttpClient-1-2] DEBUG org.asynchttpclient.netty.channel.ChannelManager - Adding key: http://localhost:57305 for channel [id: 0xebe104aa, L:/127.0.0.1:59837 - R:localhost/127.0.0.1:57305]
19:59:43.726 [Forwarding findElement on session b7fe345dac770d439a916605c2c09a3a to remote] DEBUG org.asynchttpclient.netty.request.NettyRequestSender - Using pooled Channel '[id: 0xebe104aa, L:/127.0.0.1:59837 - R:localhost/127.0.0.1:57305]' for 'POST' to 'http://localhost:57305/session/b7fe345dac770d439a916605c2c09a3a/element'
19:59:43.727 [Forwarding findElement on session b7fe345dac770d439a916605c2c09a3a to remote] DEBUG org.asynchttpclient.netty.request.NettyRequestSender - Using open Channel [id: 0xebe104aa, L:/127.0.0.1:59837 - R:localhost/127.0.0.1:57305] for POST '/session/b7fe345dac770d439a916605c2c09a3a/element'
19:59:43.760 [AsyncHttpClient-1-2] DEBUG org.asynchttpclient.netty.handler.HttpHandler - 

Request DefaultHttpRequest(decodeResult: success, version: HTTP/1.1)
POST /session/b7fe345dac770d439a916605c2c09a3a/element HTTP/1.1
User-Agent: selenium/4.1.2 (java windows)
Content-Length: 53
Content-Type: application/json; charset=utf-8
host: localhost:57305
accept: */*

Response DefaultHttpResponse(decodeResult: success, version: HTTP/1.1)
HTTP/1.1 200 OK
Content-Type: application/json; charset=utf-8
cache-control: no-cache
content-length: 88

19:59:43.760 [AsyncHttpClient-1-2] DEBUG org.asynchttpclient.netty.channel.ChannelManager - Adding key: http://localhost:57305 for channel [id: 0xebe104aa, L:/127.0.0.1:59837 - R:localhost/127.0.0.1:57305]
19:59:43.766 [Forwarding sendKeysToElement on session b7fe345dac770d439a916605c2c09a3a to remote] DEBUG org.asynchttpclient.netty.request.NettyRequestSender - Using pooled Channel '[id: 0xebe104aa, L:/127.0.0.1:59837 - R:localhost/127.0.0.1:57305]' for 'POST' to 'http://localhost:57305/session/b7fe345dac770d439a916605c2c09a3a/element/f1cb05df-7cfa-44a6-ba45-69542cfea522/value'
19:59:43.766 [Forwarding sendKeysToElement on session b7fe345dac770d439a916605c2c09a3a to remote] DEBUG org.asynchttpclient.netty.request.NettyRequestSender - Using open Channel [id: 0xebe104aa, L:/127.0.0.1:59837 - R:localhost/127.0.0.1:57305] for POST '/session/b7fe345dac770d439a916605c2c09a3a/element/f1cb05df-7cfa-44a6-ba45-69542cfea522/value'
19:59:43.862 [AsyncHttpClient-1-2] DEBUG org.asynchttpclient.netty.handler.HttpHandler - 

Request DefaultHttpRequest(decodeResult: success, version: HTTP/1.1)
POST /session/b7fe345dac770d439a916605c2c09a3a/element/f1cb05df-7cfa-44a6-ba45-69542cfea522/value HTTP/1.1
User-Agent: selenium/4.1.2 (java windows)
Content-Length: 95
Content-Type: application/json; charset=utf-8
host: localhost:57305
accept: */*

Response DefaultHttpResponse(decodeResult: success, version: HTTP/1.1)
HTTP/1.1 200 OK
Content-Type: application/json; charset=utf-8
cache-control: no-cache
content-length: 14

19:59:43.863 [AsyncHttpClient-1-2] DEBUG org.asynchttpclient.netty.channel.ChannelManager - Adding key: http://localhost:57305 for channel [id: 0xebe104aa, L:/127.0.0.1:59837 - R:localhost/127.0.0.1:57305]
  &amp#27;[32mGiven &amp#27;[0m&amp#27;[32mI am on the login page&amp#27;[0m                             &amp#27;[90m# starter.stepdefinition.LoginSteps.iAmOnTheLoginPage()&amp#27;[0m
19:59:43.938 [main] DEBUG net.serenitybdd.core.photography.Darkroom - Opening darkroom
19:59:43.941 [Darkroom Processing Line] DEBUG net.serenitybdd.core.photography.DarkroomProcessingLine - Darkroom processing line starting up
19:59:43.945 [Forwarding screenshot on session b7fe345dac770d439a916605c2c09a3a to remote] DEBUG org.asynchttpclient.netty.request.NettyRequestSender - Using pooled Channel '[id: 0xebe104aa, L:/127.0.0.1:59837 - R:localhost/127.0.0.1:57305]' for 'GET' to 'http://localhost:57305/session/b7fe345dac770d439a916605c2c09a3a/screenshot'
19:59:43.946 [Forwarding screenshot on session b7fe345dac770d439a916605c2c09a3a to remote] DEBUG org.asynchttpclient.netty.request.NettyRequestSender - Using open Channel [id: 0xebe104aa, L:/127.0.0.1:59837 - R:localhost/127.0.0.1:57305] for GET '/session/b7fe345dac770d439a916605c2c09a3a/screenshot'
19:59:44.065 [AsyncHttpClient-1-1] DEBUG org.asynchttpclient.netty.channel.DefaultChannelPool - Entry count for : http://localhost:59839 : 1
19:59:44.172 [AsyncHttpClient-1-2] DEBUG org.asynchttpclient.netty.handler.HttpHandler - 

Request DefaultFullHttpRequest(decodeResult: success, version: HTTP/1.1, content: EmptyByteBufBE)
GET /session/b7fe345dac770d439a916605c2c09a3a/screenshot HTTP/1.1
User-Agent: selenium/4.1.2 (java windows)
Cache-Control: no-cache
Content-Type: application/json; charset=utf-8
host: localhost:57305
accept: */*

Response DefaultHttpResponse(decodeResult: success, version: HTTP/1.1)
HTTP/1.1 200 OK
Content-Type: application/json; charset=utf-8
cache-control: no-cache
content-length: 88984

19:59:44.181 [AsyncHttpClient-1-2] DEBUG org.asynchttpclient.netty.channel.ChannelManager - Adding key: http://localhost:57305 for channel [id: 0xebe104aa, L:/127.0.0.1:59837 - R:localhost/127.0.0.1:57305]
19:59:44.467 [main] DEBUG net.serenitybdd.core.photography.Darkroom - Send negative for processing for target\site\serenity\7e89a59733a658ccf16af9e1dbb6481c59ce5cacbfdee9fd43f2b8ef3bb73e3f.png
19:59:44.468 [Darkroom Processing Line] DEBUG net.serenitybdd.core.photography.DarkroomProcessingLine - Processing screenshot image in /var/screenshots/screenshot-14959779411818675455
19:59:44.468 [Darkroom Processing Line] DEBUG net.serenitybdd.core.photography.DarkroomProcessingLine - Saving screenshot to target\site\serenity\7e89a59733a658ccf16af9e1dbb6481c59ce5cacbfdee9fd43f2b8ef3bb73e3f.png
19:59:44.546 [Forwarding findElement on session b7fe345dac770d439a916605c2c09a3a to remote] DEBUG org.asynchttpclient.netty.request.NettyRequestSender - Using pooled Channel '[id: 0xebe104aa, L:/127.0.0.1:59837 - R:localhost/127.0.0.1:57305]' for 'POST' to 'http://localhost:57305/session/b7fe345dac770d439a916605c2c09a3a/element'
19:59:44.546 [Forwarding findElement on session b7fe345dac770d439a916605c2c09a3a to remote] DEBUG org.asynchttpclient.netty.request.NettyRequestSender - Using open Channel [id: 0xebe104aa, L:/127.0.0.1:59837 - R:localhost/127.0.0.1:57305] for POST '/session/b7fe345dac770d439a916605c2c09a3a/element'
19:59:44.826 [AsyncHttpClient-1-2] DEBUG org.asynchttpclient.netty.handler.HttpHandler - 

Request DefaultHttpRequest(decodeResult: success, version: HTTP/1.1)
POST /session/b7fe345dac770d439a916605c2c09a3a/element HTTP/1.1
User-Agent: selenium/4.1.2 (java windows)
Content-Length: 53
Content-Type: application/json; charset=utf-8
host: localhost:57305
accept: */*

Response DefaultHttpResponse(decodeResult: success, version: HTTP/1.1)
HTTP/1.1 200 OK
Content-Type: application/json; charset=utf-8
cache-control: no-cache
content-length: 88

19:59:44.829 [AsyncHttpClient-1-2] DEBUG org.asynchttpclient.netty.channel.ChannelManager - Adding key: http://localhost:57305 for channel [id: 0xebe104aa, L:/127.0.0.1:59837 - R:localhost/127.0.0.1:57305]
19:59:44.843 [Forwarding clearElement on session b7fe345dac770d439a916605c2c09a3a to remote] DEBUG org.asynchttpclient.netty.request.NettyRequestSender - Using pooled Channel '[id: 0xebe104aa, L:/127.0.0.1:59837 - R:localhost/127.0.0.1:57305]' for 'POST' to 'http://localhost:57305/session/b7fe345dac770d439a916605c2c09a3a/element/2fcbaa32-31bd-48d1-8ce1-0a36ecf11a8a/clear'
19:59:44.844 [Forwarding clearElement on session b7fe345dac770d439a916605c2c09a3a to remote] DEBUG org.asynchttpclient.netty.request.NettyRequestSender - Using open Channel [id: 0xebe104aa, L:/127.0.0.1:59837 - R:localhost/127.0.0.1:57305] for POST '/session/b7fe345dac770d439a916605c2c09a3a/element/2fcbaa32-31bd-48d1-8ce1-0a36ecf11a8a/clear'
19:59:44.974 [AsyncHttpClient-1-2] DEBUG org.asynchttpclient.netty.handler.HttpHandler - 

Request DefaultHttpRequest(decodeResult: success, version: HTTP/1.1)
POST /session/b7fe345dac770d439a916605c2c09a3a/element/2fcbaa32-31bd-48d1-8ce1-0a36ecf11a8a/clear HTTP/1.1
User-Agent: selenium/4.1.2 (java windows)
Content-Length: 50
Content-Type: application/json; charset=utf-8
host: localhost:57305
accept: */*

Response DefaultHttpResponse(decodeResult: success, version: HTTP/1.1)
HTTP/1.1 200 OK
Content-Type: application/json; charset=utf-8
cache-control: no-cache
content-length: 14

19:59:44.976 [AsyncHttpClient-1-2] DEBUG org.asynchttpclient.netty.channel.ChannelManager - Adding key: http://localhost:57305 for channel [id: 0xebe104aa, L:/127.0.0.1:59837 - R:localhost/127.0.0.1:57305]
19:59:44.992 [Forwarding sendKeysToElement on session b7fe345dac770d439a916605c2c09a3a to remote] DEBUG org.asynchttpclient.netty.request.NettyRequestSender - Using pooled Channel '[id: 0xebe104aa, L:/127.0.0.1:59837 - R:localhost/127.0.0.1:57305]' for 'POST' to 'http://localhost:57305/session/b7fe345dac770d439a916605c2c09a3a/element/2fcbaa32-31bd-48d1-8ce1-0a36ecf11a8a/value'
19:59:44.993 [Forwarding sendKeysToElement on session b7fe345dac770d439a916605c2c09a3a to remote] DEBUG org.asynchttpclient.netty.request.NettyRequestSender - Using open Channel [id: 0xebe104aa, L:/127.0.0.1:59837 - R:localhost/127.0.0.1:57305] for POST '/session/b7fe345dac770d439a916605c2c09a3a/element/2fcbaa32-31bd-48d1-8ce1-0a36ecf11a8a/value'
19:59:45.165 [AsyncHttpClient-1-1] DEBUG org.asynchttpclient.netty.channel.DefaultChannelPool - Entry count for : http://localhost:59839 : 1
19:59:45.248 [AsyncHttpClient-1-2] DEBUG org.asynchttpclient.netty.handler.HttpHandler - 

Request DefaultHttpRequest(decodeResult: success, version: HTTP/1.1)
POST /session/b7fe345dac770d439a916605c2c09a3a/element/2fcbaa32-31bd-48d1-8ce1-0a36ecf11a8a/value HTTP/1.1
User-Agent: selenium/4.1.2 (java windows)
Content-Length: 161
Content-Type: application/json; charset=utf-8
host: localhost:57305
accept: */*

Response DefaultHttpResponse(decodeResult: success, version: HTTP/1.1)
HTTP/1.1 200 OK
Content-Type: application/json; charset=utf-8
cache-control: no-cache
content-length: 14

19:59:45.249 [AsyncHttpClient-1-2] DEBUG org.asynchttpclient.netty.channel.ChannelManager - Adding key: http://localhost:57305 for channel [id: 0xebe104aa, L:/127.0.0.1:59837 - R:localhost/127.0.0.1:57305]
  &amp#27;[32mWhen &amp#27;[0m&amp#27;[32mI input invalid username&amp#27;[0m                            &amp#27;[90m# starter.stepdefinition.LoginSteps.iInputInvalidUsername()&amp#27;[0m
19:59:45.295 [Forwarding screenshot on session b7fe345dac770d439a916605c2c09a3a to remote] DEBUG org.asynchttpclient.netty.request.NettyRequestSender - Using pooled Channel '[id: 0xebe104aa, L:/127.0.0.1:59837 - R:localhost/127.0.0.1:57305]' for 'GET' to 'http://localhost:57305/session/b7fe345dac770d439a916605c2c09a3a/screenshot'
19:59:45.296 [Forwarding screenshot on session b7fe345dac770d439a916605c2c09a3a to remote] DEBUG org.asynchttpclient.netty.request.NettyRequestSender - Using open Channel [id: 0xebe104aa, L:/127.0.0.1:59837 - R:localhost/127.0.0.1:57305] for GET '/session/b7fe345dac770d439a916605c2c09a3a/screenshot'
19:59:45.657 [AsyncHttpClient-1-2] DEBUG org.asynchttpclient.netty.handler.HttpHandler - 

Request DefaultFullHttpRequest(decodeResult: success, version: HTTP/1.1, content: EmptyByteBufBE)
GET /session/b7fe345dac770d439a916605c2c09a3a/screenshot HTTP/1.1
User-Agent: selenium/4.1.2 (java windows)
Cache-Control: no-cache
Content-Type: application/json; charset=utf-8
host: localhost:57305
accept: */*

Response DefaultHttpResponse(decodeResult: success, version: HTTP/1.1)
HTTP/1.1 200 OK
Content-Type: application/json; charset=utf-8
cache-control: no-cache
content-length: 89248

19:59:45.660 [AsyncHttpClient-1-2] DEBUG org.asynchttpclient.netty.channel.ChannelManager - Adding key: http://localhost:57305 for channel [id: 0xebe104aa, L:/127.0.0.1:59837 - R:localhost/127.0.0.1:57305]
19:59:45.688 [main] DEBUG net.serenitybdd.core.photography.Darkroom - Send negative for processing for target\site\serenity\718cdd60c3f61e74b165a56210f33480c4d319df20f1d306d5b0b967bfeaa33b.png
19:59:45.689 [Darkroom Processing Line] DEBUG net.serenitybdd.core.photography.DarkroomProcessingLine - Processing screenshot image in /var/screenshots/screenshot-5851422656235264347
19:59:45.689 [Darkroom Processing Line] DEBUG net.serenitybdd.core.photography.DarkroomProcessingLine - Saving screenshot to target\site\serenity\718cdd60c3f61e74b165a56210f33480c4d319df20f1d306d5b0b967bfeaa33b.png
19:59:45.723 [Forwarding findElement on session b7fe345dac770d439a916605c2c09a3a to remote] DEBUG org.asynchttpclient.netty.request.NettyRequestSender - Using pooled Channel '[id: 0xebe104aa, L:/127.0.0.1:59837 - R:localhost/127.0.0.1:57305]' for 'POST' to 'http://localhost:57305/session/b7fe345dac770d439a916605c2c09a3a/element'
19:59:45.723 [Forwarding findElement on session b7fe345dac770d439a916605c2c09a3a to remote] DEBUG org.asynchttpclient.netty.request.NettyRequestSender - Using open Channel [id: 0xebe104aa, L:/127.0.0.1:59837 - R:localhost/127.0.0.1:57305] for POST '/session/b7fe345dac770d439a916605c2c09a3a/element'
19:59:45.754 [AsyncHttpClient-1-2] DEBUG org.asynchttpclient.netty.handler.HttpHandler - 

Request DefaultHttpRequest(decodeResult: success, version: HTTP/1.1)
POST /session/b7fe345dac770d439a916605c2c09a3a/element HTTP/1.1
User-Agent: selenium/4.1.2 (java windows)
Content-Length: 53
Content-Type: application/json; charset=utf-8
host: localhost:57305
accept: */*

Response DefaultHttpResponse(decodeResult: success, version: HTTP/1.1)
HTTP/1.1 200 OK
Content-Type: application/json; charset=utf-8
cache-control: no-cache
content-length: 88

19:59:45.754 [AsyncHttpClient-1-2] DEBUG org.asynchttpclient.netty.channel.ChannelManager - Adding key: http://localhost:57305 for channel [id: 0xebe104aa, L:/127.0.0.1:59837 - R:localhost/127.0.0.1:57305]
19:59:45.758 [Forwarding clearElement on session b7fe345dac770d439a916605c2c09a3a to remote] DEBUG org.asynchttpclient.netty.request.NettyRequestSender - Using pooled Channel '[id: 0xebe104aa, L:/127.0.0.1:59837 - R:localhost/127.0.0.1:57305]' for 'POST' to 'http://localhost:57305/session/b7fe345dac770d439a916605c2c09a3a/element/7c5b3c01-02f6-452c-8d76-fb6585503983/clear'
19:59:45.758 [Forwarding clearElement on session b7fe345dac770d439a916605c2c09a3a to remote] DEBUG org.asynchttpclient.netty.request.NettyRequestSender - Using open Channel [id: 0xebe104aa, L:/127.0.0.1:59837 - R:localhost/127.0.0.1:57305] for POST '/session/b7fe345dac770d439a916605c2c09a3a/element/7c5b3c01-02f6-452c-8d76-fb6585503983/clear'
19:59:45.809 [AsyncHttpClient-1-2] DEBUG org.asynchttpclient.netty.handler.HttpHandler - 

Request DefaultHttpRequest(decodeResult: success, version: HTTP/1.1)
POST /session/b7fe345dac770d439a916605c2c09a3a/element/7c5b3c01-02f6-452c-8d76-fb6585503983/clear HTTP/1.1
User-Agent: selenium/4.1.2 (java windows)
Content-Length: 50
Content-Type: application/json; charset=utf-8
host: localhost:57305
accept: */*

Response DefaultHttpResponse(decodeResult: success, version: HTTP/1.1)
HTTP/1.1 200 OK
Content-Type: application/json; charset=utf-8
cache-control: no-cache
content-length: 14

19:59:45.810 [AsyncHttpClient-1-2] DEBUG org.asynchttpclient.netty.channel.ChannelManager - Adding key: http://localhost:57305 for channel [id: 0xebe104aa, L:/127.0.0.1:59837 - R:localhost/127.0.0.1:57305]
19:59:45.818 [Forwarding sendKeysToElement on session b7fe345dac770d439a916605c2c09a3a to remote] DEBUG org.asynchttpclient.netty.request.NettyRequestSender - Using pooled Channel '[id: 0xebe104aa, L:/127.0.0.1:59837 - R:localhost/127.0.0.1:57305]' for 'POST' to 'http://localhost:57305/session/b7fe345dac770d439a916605c2c09a3a/element/7c5b3c01-02f6-452c-8d76-fb6585503983/value'
19:59:45.819 [Forwarding sendKeysToElement on session b7fe345dac770d439a916605c2c09a3a to remote] DEBUG org.asynchttpclient.netty.request.NettyRequestSender - Using open Channel [id: 0xebe104aa, L:/127.0.0.1:59837 - R:localhost/127.0.0.1:57305] for POST '/session/b7fe345dac770d439a916605c2c09a3a/element/7c5b3c01-02f6-452c-8d76-fb6585503983/value'
19:59:45.953 [AsyncHttpClient-1-2] DEBUG org.asynchttpclient.netty.handler.HttpHandler - 

Request DefaultHttpRequest(decodeResult: success, version: HTTP/1.1)
POST /session/b7fe345dac770d439a916605c2c09a3a/element/7c5b3c01-02f6-452c-8d76-fb6585503983/value HTTP/1.1
User-Agent: selenium/4.1.2 (java windows)
Content-Length: 191
Content-Type: application/json; charset=utf-8
host: localhost:57305
accept: */*

Response DefaultHttpResponse(decodeResult: success, version: HTTP/1.1)
HTTP/1.1 200 OK
Content-Type: application/json; charset=utf-8
cache-control: no-cache
content-length: 14

19:59:45.956 [AsyncHttpClient-1-2] DEBUG org.asynchttpclient.netty.channel.ChannelManager - Adding key: http://localhost:57305 for channel [id: 0xebe104aa, L:/127.0.0.1:59837 - R:localhost/127.0.0.1:57305]
  &amp#27;[32mAnd &amp#27;[0m&amp#27;[32mI input invalid password&amp#27;[0m                             &amp#27;[90m# starter.stepdefinition.LoginSteps.iInputInvalidPassword()&amp#27;[0m
19:59:45.977 [Forwarding screenshot on session b7fe345dac770d439a916605c2c09a3a to remote] DEBUG org.asynchttpclient.netty.request.NettyRequestSender - Using pooled Channel '[id: 0xebe104aa, L:/127.0.0.1:59837 - R:localhost/127.0.0.1:57305]' for 'GET' to 'http://localhost:57305/session/b7fe345dac770d439a916605c2c09a3a/screenshot'
19:59:45.977 [Forwarding screenshot on session b7fe345dac770d439a916605c2c09a3a to remote] DEBUG org.asynchttpclient.netty.request.NettyRequestSender - Using open Channel [id: 0xebe104aa, L:/127.0.0.1:59837 - R:localhost/127.0.0.1:57305] for GET '/session/b7fe345dac770d439a916605c2c09a3a/screenshot'
19:59:46.273 [AsyncHttpClient-1-1] DEBUG org.asynchttpclient.netty.channel.DefaultChannelPool - Entry count for : http://localhost:59839 : 1
19:59:46.274 [AsyncHttpClient-1-2] DEBUG org.asynchttpclient.netty.handler.HttpHandler - 

Request DefaultFullHttpRequest(decodeResult: success, version: HTTP/1.1, content: EmptyByteBufBE)
GET /session/b7fe345dac770d439a916605c2c09a3a/screenshot HTTP/1.1
User-Agent: selenium/4.1.2 (java windows)
Cache-Control: no-cache
Content-Type: application/json; charset=utf-8
host: localhost:57305
accept: */*

Response DefaultHttpResponse(decodeResult: success, version: HTTP/1.1)
HTTP/1.1 200 OK
Content-Type: application/json; charset=utf-8
cache-control: no-cache
content-length: 86984

19:59:46.275 [AsyncHttpClient-1-2] DEBUG org.asynchttpclient.netty.channel.ChannelManager - Adding key: http://localhost:57305 for channel [id: 0xebe104aa, L:/127.0.0.1:59837 - R:localhost/127.0.0.1:57305]
19:59:46.313 [main] DEBUG net.serenitybdd.core.photography.Darkroom - Send negative for processing for target\site\serenity\819b021fc0cddf939987a8451e3200c3c2af17beaa6db0181292ac40cab526f7.png
19:59:46.314 [Darkroom Processing Line] DEBUG net.serenitybdd.core.photography.DarkroomProcessingLine - Processing screenshot image in /var/screenshots/screenshot-2396624880101692982
19:59:46.314 [Darkroom Processing Line] DEBUG net.serenitybdd.core.photography.DarkroomProcessingLine - Saving screenshot to target\site\serenity\819b021fc0cddf939987a8451e3200c3c2af17beaa6db0181292ac40cab526f7.png
19:59:46.329 [Forwarding findElement on session b7fe345dac770d439a916605c2c09a3a to remote] DEBUG org.asynchttpclient.netty.request.NettyRequestSender - Using pooled Channel '[id: 0xebe104aa, L:/127.0.0.1:59837 - R:localhost/127.0.0.1:57305]' for 'POST' to 'http://localhost:57305/session/b7fe345dac770d439a916605c2c09a3a/element'
19:59:46.330 [Forwarding findElement on session b7fe345dac770d439a916605c2c09a3a to remote] DEBUG org.asynchttpclient.netty.request.NettyRequestSender - Using open Channel [id: 0xebe104aa, L:/127.0.0.1:59837 - R:localhost/127.0.0.1:57305] for POST '/session/b7fe345dac770d439a916605c2c09a3a/element'
19:59:46.358 [AsyncHttpClient-1-2] DEBUG org.asynchttpclient.netty.handler.HttpHandler - 

Request DefaultHttpRequest(decodeResult: success, version: HTTP/1.1)
POST /session/b7fe345dac770d439a916605c2c09a3a/element HTTP/1.1
User-Agent: selenium/4.1.2 (java windows)
Content-Length: 50
Content-Type: application/json; charset=utf-8
host: localhost:57305
accept: */*

Response DefaultHttpResponse(decodeResult: success, version: HTTP/1.1)
HTTP/1.1 200 OK
Content-Type: application/json; charset=utf-8
cache-control: no-cache
content-length: 88

19:59:46.358 [AsyncHttpClient-1-2] DEBUG org.asynchttpclient.netty.channel.ChannelManager - Adding key: http://localhost:57305 for channel [id: 0xebe104aa, L:/127.0.0.1:59837 - R:localhost/127.0.0.1:57305]
19:59:46.363 [Forwarding getElementTagName on session b7fe345dac770d439a916605c2c09a3a to remote] DEBUG org.asynchttpclient.netty.request.NettyRequestSender - Using pooled Channel '[id: 0xebe104aa, L:/127.0.0.1:59837 - R:localhost/127.0.0.1:57305]' for 'GET' to 'http://localhost:57305/session/b7fe345dac770d439a916605c2c09a3a/element/de881caf-be3d-47f9-b4d2-da35983f8217/name'
19:59:46.363 [Forwarding getElementTagName on session b7fe345dac770d439a916605c2c09a3a to remote] DEBUG org.asynchttpclient.netty.request.NettyRequestSender - Using open Channel [id: 0xebe104aa, L:/127.0.0.1:59837 - R:localhost/127.0.0.1:57305] for GET '/session/b7fe345dac770d439a916605c2c09a3a/element/de881caf-be3d-47f9-b4d2-da35983f8217/name'
19:59:46.373 [AsyncHttpClient-1-2] DEBUG org.asynchttpclient.netty.handler.HttpHandler - 

Request DefaultFullHttpRequest(decodeResult: success, version: HTTP/1.1, content: EmptyByteBufBE)
GET /session/b7fe345dac770d439a916605c2c09a3a/element/de881caf-be3d-47f9-b4d2-da35983f8217/name HTTP/1.1
User-Agent: selenium/4.1.2 (java windows)
Cache-Control: no-cache
Content-Type: application/json; charset=utf-8
host: localhost:57305
accept: */*

Response DefaultHttpResponse(decodeResult: success, version: HTTP/1.1)
HTTP/1.1 200 OK
Content-Type: application/json; charset=utf-8
cache-control: no-cache
content-length: 18

19:59:46.374 [AsyncHttpClient-1-2] DEBUG org.asynchttpclient.netty.channel.ChannelManager - Adding key: http://localhost:57305 for channel [id: 0xebe104aa, L:/127.0.0.1:59837 - R:localhost/127.0.0.1:57305]
19:59:46.378 [Forwarding getElementTagName on session b7fe345dac770d439a916605c2c09a3a to remote] DEBUG org.asynchttpclient.netty.request.NettyRequestSender - Using pooled Channel '[id: 0xebe104aa, L:/127.0.0.1:59837 - R:localhost/127.0.0.1:57305]' for 'GET' to 'http://localhost:57305/session/b7fe345dac770d439a916605c2c09a3a/element/de881caf-be3d-47f9-b4d2-da35983f8217/name'
19:59:46.378 [Forwarding getElementTagName on session b7fe345dac770d439a916605c2c09a3a to remote] DEBUG org.asynchttpclient.netty.request.NettyRequestSender - Using open Channel [id: 0xebe104aa, L:/127.0.0.1:59837 - R:localhost/127.0.0.1:57305] for GET '/session/b7fe345dac770d439a916605c2c09a3a/element/de881caf-be3d-47f9-b4d2-da35983f8217/name'
19:59:46.387 [AsyncHttpClient-1-2] DEBUG org.asynchttpclient.netty.handler.HttpHandler - 

Request DefaultFullHttpRequest(decodeResult: success, version: HTTP/1.1, content: EmptyByteBufBE)
GET /session/b7fe345dac770d439a916605c2c09a3a/element/de881caf-be3d-47f9-b4d2-da35983f8217/name HTTP/1.1
User-Agent: selenium/4.1.2 (java windows)
Cache-Control: no-cache
Content-Type: application/json; charset=utf-8
host: localhost:57305
accept: */*

Response DefaultHttpResponse(decodeResult: success, version: HTTP/1.1)
HTTP/1.1 200 OK
Content-Type: application/json; charset=utf-8
cache-control: no-cache
content-length: 18

19:59:46.387 [AsyncHttpClient-1-2] DEBUG org.asynchttpclient.netty.channel.ChannelManager - Adding key: http://localhost:57305 for channel [id: 0xebe104aa, L:/127.0.0.1:59837 - R:localhost/127.0.0.1:57305]
19:59:46.395 [Forwarding isElementEnabled on session b7fe345dac770d439a916605c2c09a3a to remote] DEBUG org.asynchttpclient.netty.request.NettyRequestSender - Using pooled Channel '[id: 0xebe104aa, L:/127.0.0.1:59837 - R:localhost/127.0.0.1:57305]' for 'GET' to 'http://localhost:57305/session/b7fe345dac770d439a916605c2c09a3a/element/de881caf-be3d-47f9-b4d2-da35983f8217/enabled'
19:59:46.395 [Forwarding isElementEnabled on session b7fe345dac770d439a916605c2c09a3a to remote] DEBUG org.asynchttpclient.netty.request.NettyRequestSender - Using open Channel [id: 0xebe104aa, L:/127.0.0.1:59837 - R:localhost/127.0.0.1:57305] for GET '/session/b7fe345dac770d439a916605c2c09a3a/element/de881caf-be3d-47f9-b4d2-da35983f8217/enabled'
19:59:46.409 [AsyncHttpClient-1-2] DEBUG org.asynchttpclient.netty.handler.HttpHandler - 

Request DefaultFullHttpRequest(decodeResult: success, version: HTTP/1.1, content: EmptyByteBufBE)
GET /session/b7fe345dac770d439a916605c2c09a3a/element/de881caf-be3d-47f9-b4d2-da35983f8217/enabled HTTP/1.1
User-Agent: selenium/4.1.2 (java windows)
Cache-Control: no-cache
Content-Type: application/json; charset=utf-8
host: localhost:57305
accept: */*

Response DefaultHttpResponse(decodeResult: success, version: HTTP/1.1)
HTTP/1.1 200 OK
Content-Type: application/json; charset=utf-8
cache-control: no-cache
content-length: 14

19:59:46.409 [AsyncHttpClient-1-2] DEBUG org.asynchttpclient.netty.channel.ChannelManager - Adding key: http://localhost:57305 for channel [id: 0xebe104aa, L:/127.0.0.1:59837 - R:localhost/127.0.0.1:57305]
19:59:46.412 [Forwarding isElementEnabled on session b7fe345dac770d439a916605c2c09a3a to remote] DEBUG org.asynchttpclient.netty.request.NettyRequestSender - Using pooled Channel '[id: 0xebe104aa, L:/127.0.0.1:59837 - R:localhost/127.0.0.1:57305]' for 'GET' to 'http://localhost:57305/session/b7fe345dac770d439a916605c2c09a3a/element/de881caf-be3d-47f9-b4d2-da35983f8217/enabled'
19:59:46.412 [Forwarding isElementEnabled on session b7fe345dac770d439a916605c2c09a3a to remote] DEBUG org.asynchttpclient.netty.request.NettyRequestSender - Using open Channel [id: 0xebe104aa, L:/127.0.0.1:59837 - R:localhost/127.0.0.1:57305] for GET '/session/b7fe345dac770d439a916605c2c09a3a/element/de881caf-be3d-47f9-b4d2-da35983f8217/enabled'
19:59:46.428 [AsyncHttpClient-1-2] DEBUG org.asynchttpclient.netty.handler.HttpHandler - 

Request DefaultFullHttpRequest(decodeResult: success, version: HTTP/1.1, content: EmptyByteBufBE)
GET /session/b7fe345dac770d439a916605c2c09a3a/element/de881caf-be3d-47f9-b4d2-da35983f8217/enabled HTTP/1.1
User-Agent: selenium/4.1.2 (java windows)
Cache-Control: no-cache
Content-Type: application/json; charset=utf-8
host: localhost:57305
accept: */*

Response DefaultHttpResponse(decodeResult: success, version: HTTP/1.1)
HTTP/1.1 200 OK
Content-Type: application/json; charset=utf-8
cache-control: no-cache
content-length: 14

19:59:46.429 [AsyncHttpClient-1-2] DEBUG org.asynchttpclient.netty.channel.ChannelManager - Adding key: http://localhost:57305 for channel [id: 0xebe104aa, L:/127.0.0.1:59837 - R:localhost/127.0.0.1:57305]
19:59:46.433 [Forwarding findElement on session b7fe345dac770d439a916605c2c09a3a to remote] DEBUG org.asynchttpclient.netty.request.NettyRequestSender - Using pooled Channel '[id: 0xebe104aa, L:/127.0.0.1:59837 - R:localhost/127.0.0.1:57305]' for 'POST' to 'http://localhost:57305/session/b7fe345dac770d439a916605c2c09a3a/element'
19:59:46.434 [Forwarding findElement on session b7fe345dac770d439a916605c2c09a3a to remote] DEBUG org.asynchttpclient.netty.request.NettyRequestSender - Using open Channel [id: 0xebe104aa, L:/127.0.0.1:59837 - R:localhost/127.0.0.1:57305] for POST '/session/b7fe345dac770d439a916605c2c09a3a/element'
19:59:46.456 [AsyncHttpClient-1-2] DEBUG org.asynchttpclient.netty.handler.HttpHandler - 

Request DefaultHttpRequest(decodeResult: success, version: HTTP/1.1)
POST /session/b7fe345dac770d439a916605c2c09a3a/element HTTP/1.1
User-Agent: selenium/4.1.2 (java windows)
Content-Length: 50
Content-Type: application/json; charset=utf-8
host: localhost:57305
accept: */*

Response DefaultHttpResponse(decodeResult: success, version: HTTP/1.1)
HTTP/1.1 200 OK
Content-Type: application/json; charset=utf-8
cache-control: no-cache
content-length: 88

19:59:46.456 [AsyncHttpClient-1-2] DEBUG org.asynchttpclient.netty.channel.ChannelManager - Adding key: http://localhost:57305 for channel [id: 0xebe104aa, L:/127.0.0.1:59837 - R:localhost/127.0.0.1:57305]
19:59:46.460 [Forwarding clickElement on session b7fe345dac770d439a916605c2c09a3a to remote] DEBUG org.asynchttpclient.netty.request.NettyRequestSender - Using pooled Channel '[id: 0xebe104aa, L:/127.0.0.1:59837 - R:localhost/127.0.0.1:57305]' for 'POST' to 'http://localhost:57305/session/b7fe345dac770d439a916605c2c09a3a/element/de881caf-be3d-47f9-b4d2-da35983f8217/click'
19:59:46.460 [Forwarding clickElement on session b7fe345dac770d439a916605c2c09a3a to remote] DEBUG org.asynchttpclient.netty.request.NettyRequestSender - Using open Channel [id: 0xebe104aa, L:/127.0.0.1:59837 - R:localhost/127.0.0.1:57305] for POST '/session/b7fe345dac770d439a916605c2c09a3a/element/de881caf-be3d-47f9-b4d2-da35983f8217/click'
19:59:46.558 [AsyncHttpClient-1-2] DEBUG org.asynchttpclient.netty.handler.HttpHandler - 

Request DefaultHttpRequest(decodeResult: success, version: HTTP/1.1)
POST /session/b7fe345dac770d439a916605c2c09a3a/element/de881caf-be3d-47f9-b4d2-da35983f8217/click HTTP/1.1
User-Agent: selenium/4.1.2 (java windows)
Content-Length: 50
Content-Type: application/json; charset=utf-8
host: localhost:57305
accept: */*

Response DefaultHttpResponse(decodeResult: success, version: HTTP/1.1)
HTTP/1.1 200 OK
Content-Type: application/json; charset=utf-8
cache-control: no-cache
content-length: 14

19:59:46.559 [AsyncHttpClient-1-2] DEBUG org.asynchttpclient.netty.channel.ChannelManager - Adding key: http://localhost:57305 for channel [id: 0xebe104aa, L:/127.0.0.1:59837 - R:localhost/127.0.0.1:57305]
  &amp#27;[32mAnd &amp#27;[0m&amp#27;[32mI click Login Button&amp#27;[0m                                 &amp#27;[90m# starter.stepdefinition.LoginSteps.iClickLoginButton()&amp#27;[0m
19:59:46.588 [Forwarding screenshot on session b7fe345dac770d439a916605c2c09a3a to remote] DEBUG org.asynchttpclient.netty.request.NettyRequestSender - Using pooled Channel '[id: 0xebe104aa, L:/127.0.0.1:59837 - R:localhost/127.0.0.1:57305]' for 'GET' to 'http://localhost:57305/session/b7fe345dac770d439a916605c2c09a3a/screenshot'
19:59:46.588 [Forwarding screenshot on session b7fe345dac770d439a916605c2c09a3a to remote] DEBUG org.asynchttpclient.netty.request.NettyRequestSender - Using open Channel [id: 0xebe104aa, L:/127.0.0.1:59837 - R:localhost/127.0.0.1:57305] for GET '/session/b7fe345dac770d439a916605c2c09a3a/screenshot'
19:59:46.783 [AsyncHttpClient-1-2] DEBUG org.asynchttpclient.netty.handler.HttpHandler - 

Request DefaultFullHttpRequest(decodeResult: success, version: HTTP/1.1, content: EmptyByteBufBE)
GET /session/b7fe345dac770d439a916605c2c09a3a/screenshot HTTP/1.1
User-Agent: selenium/4.1.2 (java windows)
Cache-Control: no-cache
Content-Type: application/json; charset=utf-8
host: localhost:57305
accept: */*

Response DefaultHttpResponse(decodeResult: success, version: HTTP/1.1)
HTTP/1.1 200 OK
Content-Type: application/json; charset=utf-8
cache-control: no-cache
content-length: 65156

19:59:46.784 [AsyncHttpClient-1-2] DEBUG org.asynchttpclient.netty.channel.ChannelManager - Adding key: http://localhost:57305 for channel [id: 0xebe104aa, L:/127.0.0.1:59837 - R:localhost/127.0.0.1:57305]
19:59:46.787 [main] DEBUG net.serenitybdd.core.photography.Darkroom - Send negative for processing for target\site\serenity\f1d391bc5be84e42680cd6b52ca4636199dcc7e8b2902a220f5cbf490d2f24f4.png
19:59:46.788 [Darkroom Processing Line] DEBUG net.serenitybdd.core.photography.DarkroomProcessingLine - Processing screenshot image in /var/screenshots/screenshot-16311397989727496332
19:59:46.788 [Darkroom Processing Line] DEBUG net.serenitybdd.core.photography.DarkroomProcessingLine - Saving screenshot to target\site\serenity\f1d391bc5be84e42680cd6b52ca4636199dcc7e8b2902a220f5cbf490d2f24f4.png
19:59:46.812 [Forwarding findElement on session b7fe345dac770d439a916605c2c09a3a to remote] DEBUG org.asynchttpclient.netty.request.NettyRequestSender - Using pooled Channel '[id: 0xebe104aa, L:/127.0.0.1:59837 - R:localhost/127.0.0.1:57305]' for 'POST' to 'http://localhost:57305/session/b7fe345dac770d439a916605c2c09a3a/element'
19:59:46.812 [Forwarding findElement on session b7fe345dac770d439a916605c2c09a3a to remote] DEBUG org.asynchttpclient.netty.request.NettyRequestSender - Using open Channel [id: 0xebe104aa, L:/127.0.0.1:59837 - R:localhost/127.0.0.1:57305] for POST '/session/b7fe345dac770d439a916605c2c09a3a/element'
19:59:47.367 [AsyncHttpClient-1-1] DEBUG org.asynchttpclient.netty.channel.DefaultChannelPool - Entry count for : http://localhost:59839 : 1
19:59:47.646 [AsyncHttpClient-1-2] DEBUG org.asynchttpclient.netty.handler.HttpHandler - 

Request DefaultHttpRequest(decodeResult: success, version: HTTP/1.1)
POST /session/b7fe345dac770d439a916605c2c09a3a/element HTTP/1.1
User-Agent: selenium/4.1.2 (java windows)
Content-Length: 67
Content-Type: application/json; charset=utf-8
host: localhost:57305
accept: */*

Response DefaultHttpResponse(decodeResult: success, version: HTTP/1.1)
HTTP/1.1 200 OK
Content-Type: application/json; charset=utf-8
cache-control: no-cache
content-length: 88

19:59:47.647 [AsyncHttpClient-1-2] DEBUG org.asynchttpclient.netty.channel.ChannelManager - Adding key: http://localhost:57305 for channel [id: 0xebe104aa, L:/127.0.0.1:59837 - R:localhost/127.0.0.1:57305]
19:59:47.687 [Forwarding isElementDisplayed on session b7fe345dac770d439a916605c2c09a3a to remote] DEBUG org.asynchttpclient.netty.request.NettyRequestSender - Using pooled Channel '[id: 0xebe104aa, L:/127.0.0.1:59837 - R:localhost/127.0.0.1:57305]' for 'POST' to 'http://localhost:57305/session/b7fe345dac770d439a916605c2c09a3a/execute/sync'
19:59:47.688 [Forwarding isElementDisplayed on session b7fe345dac770d439a916605c2c09a3a to remote] DEBUG org.asynchttpclient.netty.request.NettyRequestSender - Using open Channel [id: 0xebe104aa, L:/127.0.0.1:59837 - R:localhost/127.0.0.1:57305] for POST '/session/b7fe345dac770d439a916605c2c09a3a/execute/sync'
19:59:47.750 [AsyncHttpClient-1-2] DEBUG org.asynchttpclient.netty.handler.HttpHandler - 

Request DefaultHttpRequest(decodeResult: success, version: HTTP/1.1)
POST /session/b7fe345dac770d439a916605c2c09a3a/execute/sync HTTP/1.1
User-Agent: selenium/4.1.2 (java windows)
Content-Length: 48780
Content-Type: application/json; charset=utf-8
host: localhost:57305
accept: */*

Response DefaultHttpResponse(decodeResult: success, version: HTTP/1.1)
HTTP/1.1 200 OK
Content-Type: application/json; charset=utf-8
cache-control: no-cache
content-length: 14

19:59:47.752 [AsyncHttpClient-1-2] DEBUG org.asynchttpclient.netty.channel.ChannelManager - Adding key: http://localhost:57305 for channel [id: 0xebe104aa, L:/127.0.0.1:59837 - R:localhost/127.0.0.1:57305]
  &amp#27;[32mThen &amp#27;[0m&amp#27;[32mI will get error message&amp#27;[0m                            &amp#27;[90m# starter.stepdefinition.LoginSteps.iWillGetErrorMessage()&amp#27;[0m
19:59:47.771 [Forwarding screenshot on session b7fe345dac770d439a916605c2c09a3a to remote] DEBUG org.asynchttpclient.netty.request.NettyRequestSender - Using pooled Channel '[id: 0xebe104aa, L:/127.0.0.1:59837 - R:localhost/127.0.0.1:57305]' for 'GET' to 'http://localhost:57305/session/b7fe345dac770d439a916605c2c09a3a/screenshot'
19:59:47.772 [Forwarding screenshot on session b7fe345dac770d439a916605c2c09a3a to remote] DEBUG org.asynchttpclient.netty.request.NettyRequestSender - Using open Channel [id: 0xebe104aa, L:/127.0.0.1:59837 - R:localhost/127.0.0.1:57305] for GET '/session/b7fe345dac770d439a916605c2c09a3a/screenshot'
19:59:48.108 [AsyncHttpClient-1-2] DEBUG org.asynchttpclient.netty.handler.HttpHandler - 

Request DefaultFullHttpRequest(decodeResult: success, version: HTTP/1.1, content: EmptyByteBufBE)
GET /session/b7fe345dac770d439a916605c2c09a3a/screenshot HTTP/1.1
User-Agent: selenium/4.1.2 (java windows)
Cache-Control: no-cache
Content-Type: application/json; charset=utf-8
host: localhost:57305
accept: */*

Response DefaultHttpResponse(decodeResult: success, version: HTTP/1.1)
HTTP/1.1 200 OK
Content-Type: application/json; charset=utf-8
cache-control: no-cache
content-length: 91560

19:59:48.110 [AsyncHttpClient-1-2] DEBUG org.asynchttpclient.netty.channel.ChannelManager - Adding key: http://localhost:57305 for channel [id: 0xebe104aa, L:/127.0.0.1:59837 - R:localhost/127.0.0.1:57305]
19:59:48.119 [main] DEBUG net.serenitybdd.core.photography.Darkroom - Send negative for processing for target\site\serenity\7fa3fcdede6e30b66ef2e3a76c324900502da4c5402d85068d8448dcaccb9c32.png
19:59:48.120 [Darkroom Processing Line] DEBUG net.serenitybdd.core.photography.DarkroomProcessingLine - Processing screenshot image in /var/screenshots/screenshot-1016432110670631465
19:59:48.120 [Darkroom Processing Line] DEBUG net.serenitybdd.core.photography.DarkroomProcessingLine - Saving screenshot to target\site\serenity\7fa3fcdede6e30b66ef2e3a76c324900502da4c5402d85068d8448dcaccb9c32.png
19:59:48.130 [main] INFO  - 
  _____   ___   ___   _____     ___     _     ___   ___   ___   ___  
 |_   _| | __| / __| |_   _|   | _ \   /_\   / __| / __| | __| |   \ 
   | |   | _|  \__ \   | |     |  _/  / _ \  \__ \ \__ \ | _|  | |) |
   |_|   |___| |___/   |_|     |_|   /_/ \_\ |___/ |___/ |___| |___/ 

Login with invalid username and invalid password
----------------------------------------------------------------------
19:59:48.309 [Driver Command Executor] DEBUG org.asynchttpclient.netty.request.NettyRequestSender - Using pooled Channel '[id: 0xebe104aa, L:/127.0.0.1:59837 - R:localhost/127.0.0.1:57305]' for 'DELETE' to 'http://localhost:57305/session/b7fe345dac770d439a916605c2c09a3a'
19:59:48.309 [Driver Command Executor] DEBUG org.asynchttpclient.netty.request.NettyRequestSender - Using open Channel [id: 0xebe104aa, L:/127.0.0.1:59837 - R:localhost/127.0.0.1:57305] for DELETE '/session/b7fe345dac770d439a916605c2c09a3a'
19:59:48.311 [AsyncHttpClient-1-4] DEBUG org.asynchttpclient.netty.handler.WebSocketHandler - Channel Closed: [id: 0xac9df8c6, L:/127.0.0.1:59846 ! R:localhost/127.0.0.1:59839] with attribute NettyResponseFuture{currentRetry=5,
	isDone=1,
	isCancelled=0,
	asyncHandler=org.asynchttpclient.ws.WebSocketUpgradeHandler@70f300bb,
	nettyRequest=org.asynchttpclient.netty.request.NettyRequest@665c168b,
	future=java.util.concurrent.CompletableFuture@43871144[Completed normally],
	uri=ws://localhost:59839/devtools/browser/00161fdd-9670-4387-abe5-139c294ce2cc,
	keepAlive=true,
	redirectCount=0,
	timeoutsHolder=null,
	inAuth=0,
	touch=1665406773701}
19:59:48.314 [AsyncHttpClient-1-4] DEBUG org.asynchttpclient.netty.channel.ChannelManager - Closing Channel [id: 0xac9df8c6, L:/127.0.0.1:59846 ! R:localhost/127.0.0.1:59839] 
19:59:48.382 [AsyncHttpClient-1-3] DEBUG org.asynchttpclient.netty.handler.HttpHandler - Unexpected I/O exception on channel [id: 0x645cc811, L:/127.0.0.1:59845 - R:localhost/127.0.0.1:59839]
java.io.IOException: An existing connection was forcibly closed by the remote host
	at java.base/sun.nio.ch.SocketDispatcher.read0(Native Method)
	at java.base/sun.nio.ch.SocketDispatcher.read(SocketDispatcher.java:43)
	at java.base/sun.nio.ch.IOUtil.readIntoNativeBuffer(IOUtil.java:276)
	at java.base/sun.nio.ch.IOUtil.read(IOUtil.java:233)
	at java.base/sun.nio.ch.IOUtil.read(IOUtil.java:223)
	at java.base/sun.nio.ch.SocketChannelImpl.read(SocketChannelImpl.java:358)
	at io.netty.buffer.PooledByteBuf.setBytes(PooledByteBuf.java:258)
	at io.netty.buffer.AbstractByteBuf.writeBytes(AbstractByteBuf.java:1132)
	at io.netty.channel.socket.nio.NioSocketChannel.doReadBytes(NioSocketChannel.java:350)
	at io.netty.channel.nio.AbstractNioByteChannel$NioByteUnsafe.read(AbstractNioByteChannel.java:151)
	at io.netty.channel.nio.NioEventLoop.processSelectedKey(NioEventLoop.java:722)
	at io.netty.channel.nio.NioEventLoop.processSelectedKeysOptimized(NioEventLoop.java:658)
	at io.netty.channel.nio.NioEventLoop.processSelectedKeys(NioEventLoop.java:584)
	at io.netty.channel.nio.NioEventLoop.run(NioEventLoop.java:496)
	at io.netty.util.concurrent.SingleThreadEventExecutor$4.run(SingleThreadEventExecutor.java:986)
	at io.netty.util.internal.ThreadExecutorMap$2.run(ThreadExecutorMap.java:74)
	at io.netty.util.concurrent.FastThreadLocalRunnable.run(FastThreadLocalRunnable.java:30)
	at java.base/java.lang.Thread.run(Thread.java:834)
19:59:48.383 [AsyncHttpClient-1-3] DEBUG org.asynchttpclient.netty.channel.ChannelManager - Closing Channel [id: 0x645cc811, L:/127.0.0.1:59845 - R:localhost/127.0.0.1:59839] 
19:59:48.387 [AsyncHttpClient-1-3] DEBUG org.asynchttpclient.netty.handler.HttpHandler - Channel Closed: [id: 0x645cc811, L:/127.0.0.1:59845 ! R:localhost/127.0.0.1:59839] with attribute DISCARD
19:59:48.425 [AsyncHttpClient-1-2] DEBUG org.asynchttpclient.netty.handler.HttpHandler - 

Request DefaultFullHttpRequest(decodeResult: success, version: HTTP/1.1, content: EmptyByteBufBE)
DELETE /session/b7fe345dac770d439a916605c2c09a3a HTTP/1.1
User-Agent: selenium/4.1.2 (java windows)
Content-Type: application/json; charset=utf-8
host: localhost:57305
accept: */*

Response DefaultHttpResponse(decodeResult: success, version: HTTP/1.1)
HTTP/1.1 200 OK
Content-Type: application/json; charset=utf-8
cache-control: no-cache
content-length: 14

19:59:48.426 [AsyncHttpClient-1-2] DEBUG org.asynchttpclient.netty.channel.ChannelManager - Adding key: http://localhost:57305 for channel [id: 0xebe104aa, L:/127.0.0.1:59837 - R:localhost/127.0.0.1:57305]
19:59:48.467 [AsyncHttpClient-1-1] DEBUG org.asynchttpclient.netty.channel.DefaultChannelPool - Entry count for : http://localhost:59839 : 1
19:59:48.469 [AsyncHttpClient-1-1] DEBUG org.asynchttpclient.netty.channel.DefaultChannelPool - Entry count for : http://localhost:57305 : 1
19:59:48.470 [AsyncHttpClient-1-1] DEBUG org.asynchttpclient.netty.channel.DefaultChannelPool - Adding Candidate expired Channel [id: 0x645cc811, L:/127.0.0.1:59845 ! R:localhost/127.0.0.1:59839] isIdleTimeoutExpired=false isRemotelyClosed=true isTtlExpired=false
19:59:48.471 [AsyncHttpClient-1-1] DEBUG org.asynchttpclient.netty.channel.DefaultChannelPool - Closing Idle Channel [id: 0x645cc811, L:/127.0.0.1:59845 ! R:localhost/127.0.0.1:59839]
19:59:48.474 [AsyncHttpClient-1-1] DEBUG org.asynchttpclient.netty.channel.DefaultChannelPool - Closed 1 connections out of 2 in 5 ms
19:59:48.605 [AsyncHttpClient-1-2] DEBUG org.asynchttpclient.netty.handler.HttpHandler - Channel Closed: [id: 0xebe104aa, L:/127.0.0.1:59837 ! R:localhost/127.0.0.1:57305] with attribute DISCARD
]]></system-out>
    <system-err><![CDATA[Starting ChromeDriver 106.0.5249.61 (511755355844955cd3e264779baf0dd38212a4d0-refs/branch-heads/5249@{#569}) on port 57305
Only local connections are allowed.
Please see https://chromedriver.chromium.org/security-considerations for suggestions on keeping ChromeDriver safe.
ChromeDriver was started successfully.
Oct 10, 2022 7:59:33 PM org.openqa.selenium.remote.ProtocolHandshake createSession
INFO: Detected dialect: W3C
Oct 10, 2022 7:59:33 PM org.openqa.selenium.devtools.CdpVersionFinder findNearestMatch
WARNING: Unable to find an exact match for CDP version 106, so returning the closest version found: a no-op implementation
Oct 10, 2022 7:59:33 PM org.openqa.selenium.devtools.CdpVersionFinder findNearestMatch
INFO: Unable to find CDP implementation matching 106.
Oct 10, 2022 7:59:33 PM org.openqa.selenium.chromium.ChromiumDriver lambda$new$3
WARNING: Unable to find version of CDP to use for . You may need to include a dependency on a specific version of the CDP using something similar to `org.seleniumhq.selenium:selenium-devtools-v86:4.1.2` where the version ("v86") matches the version of the chromium-based browser you're using and the version number of the artifact is the same as Selenium's.
]]></system-err>
  </testcase>
  <testcase name="Login with invalid username and valid password" classname="Login" time="15.157">
    <system-out><![CDATA[
Scenario: Login with invalid username and valid password &amp#27;[90m# src/test/resources/features/login.feature:13&amp#27;[0m
19:59:48.743 [main] INFO io.cucumber.core.plugin.SerenityReporter - Running feature from file:///C:/Users/ASUS/IdeaProjects/DemoQA/src/test/resources/features/login.feature
19:59:48.761 [main] INFO  - 
  _____   ___   ___   _____     ___   _____     _     ___   _____   ___   ___  
 |_   _| | __| / __| |_   _|   / __| |_   _|   /_\   | _ \ |_   _| | __| |   \ 
   | |   | _|  \__ \   | |     \__ \   | |    / _ \  |   /   | |   | _|  | |) |
   |_|   |___| |___/   |_|     |___/   |_|   /_/ \_\ |_|_\   |_|   |___| |___/ 

Login with invalid username and valid password(login;login-with-invalid-username-and-valid-password)
--------------------------------------------------------------------------------
19:59:48.823 [main] INFO net.serenitybdd.core.webdriver.driverproviders.ChromeDriverProvider - Using automatically driver download
19:59:49.119 [main] DEBUG io.github.bonigarcia.wdm.cache.ResolutionCache - Resolution chrome=106 in cache (valid until 20:17:04 10/10/2022 ICT)
19:59:49.145 [main] DEBUG io.github.bonigarcia.wdm.cache.ResolutionCache - Resolution chrome106=106.0.5249.61 in cache (valid until 23:39:47 10/10/2022 ICT)
19:59:49.154 [main] INFO io.github.bonigarcia.wdm.WebDriverManager - Using chromedriver 106.0.5249.61 (resolved driver for Chrome 106)
19:59:49.220 [main] DEBUG io.github.bonigarcia.wdm.WebDriverManager - Driver chromedriver 106.0.5249.61 found in cache
19:59:49.222 [main] INFO io.github.bonigarcia.wdm.WebDriverManager - Exporting webdriver.chrome.driver as C:\Users\ASUS\.cache\selenium\chromedriver\win32\106.0.5249.61\chromedriver.exe
19:59:49.435 [main] DEBUG net.serenitybdd.core.webdriver.driverproviders.ProvideNewDriver - Instantiating driver
19:59:49.435 [main] DEBUG net.serenitybdd.core.webdriver.driverproviders.ProvideNewDriver - Driver capabilities: Capabilities {acceptInsecureCerts: false, base.url: https://demoqa.com, browserName: chrome, chrome.driver: src/test/resources/webdrive..., driver: chrome, goog:chromeOptions: {args: [], extensions: []}}
19:59:49.574 [AsyncHttpClient-1-1] DEBUG org.asynchttpclient.netty.channel.DefaultChannelPool - Entry count for : http://localhost:57305 : 1
19:59:49.576 [AsyncHttpClient-1-1] DEBUG org.asynchttpclient.netty.channel.DefaultChannelPool - Adding Candidate expired Channel [id: 0xebe104aa, L:/127.0.0.1:59837 ! R:localhost/127.0.0.1:57305] isIdleTimeoutExpired=false isRemotelyClosed=true isTtlExpired=false
19:59:49.576 [AsyncHttpClient-1-1] DEBUG org.asynchttpclient.netty.channel.DefaultChannelPool - Closing Idle Channel [id: 0xebe104aa, L:/127.0.0.1:59837 ! R:localhost/127.0.0.1:57305]
19:59:49.577 [AsyncHttpClient-1-1] DEBUG org.asynchttpclient.netty.channel.DefaultChannelPool - Closed 1 connections out of 1 in 2 ms
19:59:49.597 [AsyncHttpClient-1-5] DEBUG org.asynchttpclient.netty.channel.NettyConnectListener - Using new Channel '[id: 0xbf334b88, L:/127.0.0.1:59884 - R:localhost/127.0.0.1:57338]' for 'POST' to '/session'
19:59:52.930 [AsyncHttpClient-1-5] DEBUG org.asynchttpclient.netty.handler.HttpHandler - 

Request DefaultHttpRequest(decodeResult: success, version: HTTP/1.1)
POST /session HTTP/1.1
User-Agent: selenium/4.1.2 (java windows)
Content-Length: 599
Content-Type: application/json; charset=utf-8
host: localhost:57338
accept: */*

Response DefaultHttpResponse(decodeResult: success, version: HTTP/1.1)
HTTP/1.1 200 OK
Content-Type: application/json; charset=utf-8
cache-control: no-cache
content-length: 790

19:59:52.930 [AsyncHttpClient-1-5] DEBUG org.asynchttpclient.netty.channel.ChannelManager - Adding key: http://localhost:57338 for channel [id: 0xbf334b88, L:/127.0.0.1:59884 - R:localhost/127.0.0.1:57338]
19:59:52.951 [AsyncHttpClient-1-6] DEBUG org.asynchttpclient.netty.channel.NettyConnectListener - Using new Channel '[id: 0x6291f45f, L:/127.0.0.1:59891 - R:localhost/127.0.0.1:59885]' for 'GET' to '/json/version'
19:59:52.965 [AsyncHttpClient-1-6] DEBUG org.asynchttpclient.netty.handler.HttpHandler - 

Request DefaultFullHttpRequest(decodeResult: success, version: HTTP/1.1, content: EmptyByteBufBE)
GET /json/version HTTP/1.1
User-Agent: selenium/4.1.2 (java windows)
host: localhost:59885
accept: */*

Response DefaultHttpResponse(decodeResult: success, version: HTTP/1.1)
HTTP/1.1 200 OK
Content-Type: application/json; charset=UTF-8
content-length: 424

19:59:52.965 [AsyncHttpClient-1-6] DEBUG org.asynchttpclient.netty.channel.ChannelManager - Adding key: http://localhost:59885 for channel [id: 0x6291f45f, L:/127.0.0.1:59891 - R:localhost/127.0.0.1:59885]
19:59:52.971 [AsyncHttpClient-1-7] DEBUG org.asynchttpclient.netty.channel.NettyConnectListener - Using new Channel '[id: 0x921ad17b, L:/127.0.0.1:59892 - R:localhost/127.0.0.1:59885]' for 'GET' to '/devtools/browser/b9d8792e-edc5-42e1-8f56-b13388fe9a44'
19:59:52.976 [AsyncHttpClient-1-7] DEBUG org.asynchttpclient.netty.handler.WebSocketHandler - 

Request DefaultFullHttpRequest(decodeResult: success, version: HTTP/1.1, content: EmptyByteBufBE)
GET /devtools/browser/b9d8792e-edc5-42e1-8f56-b13388fe9a44 HTTP/1.1
upgrade: websocket
connection: upgrade
sec-websocket-key: /yEZ15bzSJcCHbZTtOhuqA==
sec-websocket-version: 13
origin: http://localhost:59885
host: localhost:59885
accept: */*
user-agent: AHC/2.1

Response DefaultHttpResponse(decodeResult: success, version: HTTP/1.1)
HTTP/1.1 101 WebSocket Protocol Handshake
Upgrade: WebSocket
Connection: Upgrade
Sec-WebSocket-Accept: 09+PilKUr74xRx1libnF3GBPUnQ=

19:59:53.006 [Forwarding get on session 9f316e80ca5c3221b139013c503e564d to remote] DEBUG org.asynchttpclient.netty.request.NettyRequestSender - Using pooled Channel '[id: 0xbf334b88, L:/127.0.0.1:59884 - R:localhost/127.0.0.1:57338]' for 'POST' to 'http://localhost:57338/session/9f316e80ca5c3221b139013c503e564d/url'
19:59:53.006 [Forwarding get on session 9f316e80ca5c3221b139013c503e564d to remote] DEBUG org.asynchttpclient.netty.request.NettyRequestSender - Using open Channel [id: 0xbf334b88, L:/127.0.0.1:59884 - R:localhost/127.0.0.1:57338] for POST '/session/9f316e80ca5c3221b139013c503e564d/url'
19:59:53.969 [AsyncHttpClient-1-1] DEBUG org.asynchttpclient.netty.channel.DefaultChannelPool - Entry count for : http://localhost:59885 : 1
19:59:55.073 [AsyncHttpClient-1-1] DEBUG org.asynchttpclient.netty.channel.DefaultChannelPool - Entry count for : http://localhost:59885 : 1
19:59:56.166 [AsyncHttpClient-1-1] DEBUG org.asynchttpclient.netty.channel.DefaultChannelPool - Entry count for : http://localhost:59885 : 1
19:59:57.269 [AsyncHttpClient-1-1] DEBUG org.asynchttpclient.netty.channel.DefaultChannelPool - Entry count for : http://localhost:59885 : 1
19:59:58.374 [AsyncHttpClient-1-1] DEBUG org.asynchttpclient.netty.channel.DefaultChannelPool - Entry count for : http://localhost:59885 : 1
19:59:59.473 [AsyncHttpClient-1-1] DEBUG org.asynchttpclient.netty.channel.DefaultChannelPool - Entry count for : http://localhost:59885 : 1
20:00:00.568 [AsyncHttpClient-1-1] DEBUG org.asynchttpclient.netty.channel.DefaultChannelPool - Entry count for : http://localhost:59885 : 1
20:00:01.582 [AsyncHttpClient-1-5] DEBUG org.asynchttpclient.netty.handler.HttpHandler - 

Request DefaultHttpRequest(decodeResult: success, version: HTTP/1.1)
POST /session/9f316e80ca5c3221b139013c503e564d/url HTTP/1.1
User-Agent: selenium/4.1.2 (java windows)
Content-Length: 54
Content-Type: application/json; charset=utf-8
host: localhost:57338
accept: */*

Response DefaultHttpResponse(decodeResult: success, version: HTTP/1.1)
HTTP/1.1 200 OK
Content-Type: application/json; charset=utf-8
cache-control: no-cache
content-length: 14

20:00:01.582 [AsyncHttpClient-1-5] DEBUG org.asynchttpclient.netty.channel.ChannelManager - Adding key: http://localhost:57338 for channel [id: 0xbf334b88, L:/127.0.0.1:59884 - R:localhost/127.0.0.1:57338]
20:00:01.586 [Forwarding setTimeout on session 9f316e80ca5c3221b139013c503e564d to remote] DEBUG org.asynchttpclient.netty.request.NettyRequestSender - Using pooled Channel '[id: 0xbf334b88, L:/127.0.0.1:59884 - R:localhost/127.0.0.1:57338]' for 'POST' to 'http://localhost:57338/session/9f316e80ca5c3221b139013c503e564d/timeouts'
20:00:01.586 [Forwarding setTimeout on session 9f316e80ca5c3221b139013c503e564d to remote] DEBUG org.asynchttpclient.netty.request.NettyRequestSender - Using open Channel [id: 0xbf334b88, L:/127.0.0.1:59884 - R:localhost/127.0.0.1:57338] for POST '/session/9f316e80ca5c3221b139013c503e564d/timeouts'
20:00:01.589 [AsyncHttpClient-1-5] DEBUG org.asynchttpclient.netty.handler.HttpHandler - 

Request DefaultHttpRequest(decodeResult: success, version: HTTP/1.1)
POST /session/9f316e80ca5c3221b139013c503e564d/timeouts HTTP/1.1
User-Agent: selenium/4.1.2 (java windows)
Content-Length: 22
Content-Type: application/json; charset=utf-8
host: localhost:57338
accept: */*

Response DefaultHttpResponse(decodeResult: success, version: HTTP/1.1)
HTTP/1.1 200 OK
Content-Type: application/json; charset=utf-8
cache-control: no-cache
content-length: 14

20:00:01.590 [AsyncHttpClient-1-5] DEBUG org.asynchttpclient.netty.channel.ChannelManager - Adding key: http://localhost:57338 for channel [id: 0xbf334b88, L:/127.0.0.1:59884 - R:localhost/127.0.0.1:57338]
20:00:01.594 [Forwarding getCurrentUrl on session 9f316e80ca5c3221b139013c503e564d to remote] DEBUG org.asynchttpclient.netty.request.NettyRequestSender - Using pooled Channel '[id: 0xbf334b88, L:/127.0.0.1:59884 - R:localhost/127.0.0.1:57338]' for 'GET' to 'http://localhost:57338/session/9f316e80ca5c3221b139013c503e564d/url'
20:00:01.594 [Forwarding getCurrentUrl on session 9f316e80ca5c3221b139013c503e564d to remote] DEBUG org.asynchttpclient.netty.request.NettyRequestSender - Using open Channel [id: 0xbf334b88, L:/127.0.0.1:59884 - R:localhost/127.0.0.1:57338] for GET '/session/9f316e80ca5c3221b139013c503e564d/url'
20:00:01.604 [AsyncHttpClient-1-5] DEBUG org.asynchttpclient.netty.handler.HttpHandler - 

Request DefaultFullHttpRequest(decodeResult: success, version: HTTP/1.1, content: EmptyByteBufBE)
GET /session/9f316e80ca5c3221b139013c503e564d/url HTTP/1.1
User-Agent: selenium/4.1.2 (java windows)
Cache-Control: no-cache
Content-Type: application/json; charset=utf-8
host: localhost:57338
accept: */*

Response DefaultHttpResponse(decodeResult: success, version: HTTP/1.1)
HTTP/1.1 200 OK
Content-Type: application/json; charset=utf-8
cache-control: no-cache
content-length: 36

20:00:01.604 [AsyncHttpClient-1-5] DEBUG org.asynchttpclient.netty.channel.ChannelManager - Adding key: http://localhost:57338 for channel [id: 0xbf334b88, L:/127.0.0.1:59884 - R:localhost/127.0.0.1:57338]
20:00:01.612 [Forwarding findElement on session 9f316e80ca5c3221b139013c503e564d to remote] DEBUG org.asynchttpclient.netty.request.NettyRequestSender - Using pooled Channel '[id: 0xbf334b88, L:/127.0.0.1:59884 - R:localhost/127.0.0.1:57338]' for 'POST' to 'http://localhost:57338/session/9f316e80ca5c3221b139013c503e564d/element'
[...]
20:01:42.068 [AsyncHttpClient-1-23] DEBUG org.asynchttpclient.netty.handler.HttpHandler - 

Request DefaultFullHttpRequest(decodeResult: success, version: HTTP/1.1, content: EmptyByteBufBE)
GET /session/1cc2797ef81760f56b80bc48f7002f4c/element/c8cb3f4f-559d-46ed-96c1-73599dcd753f/name HTTP/1.1
User-Agent: selenium/4.1.2 (java windows)
Cache-Control: no-cache
Content-Type: application/json; charset=utf-8
host: localhost:61317
accept: */*

Response DefaultHttpResponse(decodeResult: success, version: HTTP/1.1)
HTTP/1.1 200 OK
Content-Type: application/json; charset=utf-8
cache-control: no-cache
content-length: 18

20:01:42.068 [AsyncHttpClient-1-23] DEBUG org.asynchttpclient.netty.channel.ChannelManager - Adding key: http://localhost:61317 for channel [id: 0x447f1a2b, L:/127.0.0.1:60186 - R:localhost/127.0.0.1:61317]
20:01:42.075 [Forwarding isElementEnabled on session 1cc2797ef81760f56b80bc48f7002f4c to remote] DEBUG org.asynchttpclient.netty.request.NettyRequestSender - Using pooled Channel '[id: 0x447f1a2b, L:/127.0.0.1:60186 - R:localhost/127.0.0.1:61317]' for 'GET' to 'http://localhost:61317/session/1cc2797ef81760f56b80bc48f7002f4c/element/c8cb3f4f-559d-46ed-96c1-73599dcd753f/enabled'
20:01:42.076 [Forwarding isElementEnabled on session 1cc2797ef81760f56b80bc48f7002f4c to remote] DEBUG org.asynchttpclient.netty.request.NettyRequestSender - Using open Channel [id: 0x447f1a2b, L:/127.0.0.1:60186 - R:localhost/127.0.0.1:61317] for GET '/session/1cc2797ef81760f56b80bc48f7002f4c/element/c8cb3f4f-559d-46ed-96c1-73599dcd753f/enabled'
20:01:42.242 [AsyncHttpClient-1-23] DEBUG org.asynchttpclient.netty.handler.HttpHandler - 

Request DefaultFullHttpRequest(decodeResult: success, version: HTTP/1.1, content: EmptyByteBufBE)
GET /session/1cc2797ef81760f56b80bc48f7002f4c/element/c8cb3f4f-559d-46ed-96c1-73599dcd753f/enabled HTTP/1.1
User-Agent: selenium/4.1.2 (java windows)
Cache-Control: no-cache
Content-Type: application/json; charset=utf-8
host: localhost:61317
accept: */*

Response DefaultHttpResponse(decodeResult: success, version: HTTP/1.1)
HTTP/1.1 200 OK
Content-Type: application/json; charset=utf-8
cache-control: no-cache
content-length: 14

20:01:42.243 [AsyncHttpClient-1-23] DEBUG org.asynchttpclient.netty.channel.ChannelManager - Adding key: http://localhost:61317 for channel [id: 0x447f1a2b, L:/127.0.0.1:60186 - R:localhost/127.0.0.1:61317]
20:01:42.249 [Forwarding isElementEnabled on session 1cc2797ef81760f56b80bc48f7002f4c to remote] DEBUG org.asynchttpclient.netty.request.NettyRequestSender - Using pooled Channel '[id: 0x447f1a2b, L:/127.0.0.1:60186 - R:localhost/127.0.0.1:61317]' for 'GET' to 'http://localhost:61317/session/1cc2797ef81760f56b80bc48f7002f4c/element/c8cb3f4f-559d-46ed-96c1-73599dcd753f/enabled'
20:01:42.249 [Forwarding isElementEnabled on session 1cc2797ef81760f56b80bc48f7002f4c to remote] DEBUG org.asynchttpclient.netty.request.NettyRequestSender - Using open Channel [id: 0x447f1a2b, L:/127.0.0.1:60186 - R:localhost/127.0.0.1:61317] for GET '/session/1cc2797ef81760f56b80bc48f7002f4c/element/c8cb3f4f-559d-46ed-96c1-73599dcd753f/enabled'
20:01:42.270 [AsyncHttpClient-1-23] DEBUG org.asynchttpclient.netty.handler.HttpHandler - 

Request DefaultFullHttpRequest(decodeResult: success, version: HTTP/1.1, content: EmptyByteBufBE)
GET /session/1cc2797ef81760f56b80bc48f7002f4c/element/c8cb3f4f-559d-46ed-96c1-73599dcd753f/enabled HTTP/1.1
User-Agent: selenium/4.1.2 (java windows)
Cache-Control: no-cache
Content-Type: application/json; charset=utf-8
host: localhost:61317
accept: */*

Response DefaultHttpResponse(decodeResult: success, version: HTTP/1.1)
HTTP/1.1 200 OK
Content-Type: application/json; charset=utf-8
cache-control: no-cache
content-length: 14

20:01:42.270 [AsyncHttpClient-1-23] DEBUG org.asynchttpclient.netty.channel.ChannelManager - Adding key: http://localhost:61317 for channel [id: 0x447f1a2b, L:/127.0.0.1:60186 - R:localhost/127.0.0.1:61317]
20:01:42.276 [Forwarding findElement on session 1cc2797ef81760f56b80bc48f7002f4c to remote] DEBUG org.asynchttpclient.netty.request.NettyRequestSender - Using pooled Channel '[id: 0x447f1a2b, L:/127.0.0.1:60186 - R:localhost/127.0.0.1:61317]' for 'POST' to 'http://localhost:61317/session/1cc2797ef81760f56b80bc48f7002f4c/element'
20:01:42.276 [Forwarding findElement on session 1cc2797ef81760f56b80bc48f7002f4c to remote] DEBUG org.asynchttpclient.netty.request.NettyRequestSender - Using open Channel [id: 0x447f1a2b, L:/127.0.0.1:60186 - R:localhost/127.0.0.1:61317] for POST '/session/1cc2797ef81760f56b80bc48f7002f4c/element'
20:01:42.289 [AsyncHttpClient-1-23] DEBUG org.asynchttpclient.netty.handler.HttpHandler - 

Request DefaultHttpRequest(decodeResult: success, version: HTTP/1.1)
POST /session/1cc2797ef81760f56b80bc48f7002f4c/element HTTP/1.1
User-Agent: selenium/4.1.2 (java windows)
Content-Length: 50
Content-Type: application/json; charset=utf-8
host: localhost:61317
accept: */*

Response DefaultHttpResponse(decodeResult: success, version: HTTP/1.1)
HTTP/1.1 200 OK
Content-Type: application/json; charset=utf-8
cache-control: no-cache
content-length: 88

20:01:42.290 [AsyncHttpClient-1-23] DEBUG org.asynchttpclient.netty.channel.ChannelManager - Adding key: http://localhost:61317 for channel [id: 0x447f1a2b, L:/127.0.0.1:60186 - R:localhost/127.0.0.1:61317]
20:01:42.291 [Forwarding clickElement on session 1cc2797ef81760f56b80bc48f7002f4c to remote] DEBUG org.asynchttpclient.netty.request.NettyRequestSender - Using pooled Channel '[id: 0x447f1a2b, L:/127.0.0.1:60186 - R:localhost/127.0.0.1:61317]' for 'POST' to 'http://localhost:61317/session/1cc2797ef81760f56b80bc48f7002f4c/element/c8cb3f4f-559d-46ed-96c1-73599dcd753f/click'
20:01:42.291 [Forwarding clickElement on session 1cc2797ef81760f56b80bc48f7002f4c to remote] DEBUG org.asynchttpclient.netty.request.NettyRequestSender - Using open Channel [id: 0x447f1a2b, L:/127.0.0.1:60186 - R:localhost/127.0.0.1:61317] for POST '/session/1cc2797ef81760f56b80bc48f7002f4c/element/c8cb3f4f-559d-46ed-96c1-73599dcd753f/click'
20:01:42.421 [AsyncHttpClient-1-23] DEBUG org.asynchttpclient.netty.handler.HttpHandler - 

Request DefaultHttpRequest(decodeResult: success, version: HTTP/1.1)
POST /session/1cc2797ef81760f56b80bc48f7002f4c/element/c8cb3f4f-559d-46ed-96c1-73599dcd753f/click HTTP/1.1
User-Agent: selenium/4.1.2 (java windows)
Content-Length: 50
Content-Type: application/json; charset=utf-8
host: localhost:61317
accept: */*

Response DefaultHttpResponse(decodeResult: success, version: HTTP/1.1)
HTTP/1.1 200 OK
Content-Type: application/json; charset=utf-8
cache-control: no-cache
content-length: 14

20:01:42.422 [AsyncHttpClient-1-23] DEBUG org.asynchttpclient.netty.channel.ChannelManager - Adding key: http://localhost:61317 for channel [id: 0x447f1a2b, L:/127.0.0.1:60186 - R:localhost/127.0.0.1:61317]
  &amp#27;[32mAnd &amp#27;[0m&amp#27;[32mI click Login Button&amp#27;[0m            &amp#27;[90m# starter.stepdefinition.LoginSteps.iClickLoginButton()&amp#27;[0m
20:01:42.450 [Forwarding screenshot on session 1cc2797ef81760f56b80bc48f7002f4c to remote] DEBUG org.asynchttpclient.netty.request.NettyRequestSender - Using pooled Channel '[id: 0x447f1a2b, L:/127.0.0.1:60186 - R:localhost/127.0.0.1:61317]' for 'GET' to 'http://localhost:61317/session/1cc2797ef81760f56b80bc48f7002f4c/screenshot'
20:01:42.450 [Forwarding screenshot on session 1cc2797ef81760f56b80bc48f7002f4c to remote] DEBUG org.asynchttpclient.netty.request.NettyRequestSender - Using open Channel [id: 0x447f1a2b, L:/127.0.0.1:60186 - R:localhost/127.0.0.1:61317] for GET '/session/1cc2797ef81760f56b80bc48f7002f4c/screenshot'
20:01:42.777 [AsyncHttpClient-1-23] DEBUG org.asynchttpclient.netty.handler.HttpHandler - 

Request DefaultFullHttpRequest(decodeResult: success, version: HTTP/1.1, content: EmptyByteBufBE)
GET /session/1cc2797ef81760f56b80bc48f7002f4c/screenshot HTTP/1.1
User-Agent: selenium/4.1.2 (java windows)
Cache-Control: no-cache
Content-Type: application/json; charset=utf-8
host: localhost:61317
accept: */*

Response DefaultHttpResponse(decodeResult: success, version: HTTP/1.1)
HTTP/1.1 200 OK
Content-Type: application/json; charset=utf-8
cache-control: no-cache
content-length: 88984

20:01:42.778 [AsyncHttpClient-1-23] DEBUG org.asynchttpclient.netty.channel.ChannelManager - Adding key: http://localhost:61317 for channel [id: 0x447f1a2b, L:/127.0.0.1:60186 - R:localhost/127.0.0.1:61317]
20:01:42.783 [main] DEBUG net.serenitybdd.core.photography.Darkroom - Send negative for processing for target\site\serenity\d949ffde2eb167c18fc7e487882c81425cbad5397dd1f2e952f907ed31697765.png
20:01:42.784 [Darkroom Processing Line] DEBUG net.serenitybdd.core.photography.DarkroomProcessingLine - Processing screenshot image in /var/screenshots/screenshot-18182787876307848262
20:01:42.784 [Darkroom Processing Line] DEBUG net.serenitybdd.core.photography.DarkroomProcessingLine - Saving screenshot to target\site\serenity\d949ffde2eb167c18fc7e487882c81425cbad5397dd1f2e952f907ed31697765.png
20:01:42.804 [Forwarding findElement on session 1cc2797ef81760f56b80bc48f7002f4c to remote] DEBUG org.asynchttpclient.netty.request.NettyRequestSender - Using pooled Channel '[id: 0x447f1a2b, L:/127.0.0.1:60186 - R:localhost/127.0.0.1:61317]' for 'POST' to 'http://localhost:61317/session/1cc2797ef81760f56b80bc48f7002f4c/element'
20:01:42.805 [Forwarding findElement on session 1cc2797ef81760f56b80bc48f7002f4c to remote] DEBUG org.asynchttpclient.netty.request.NettyRequestSender - Using open Channel [id: 0x447f1a2b, L:/127.0.0.1:60186 - R:localhost/127.0.0.1:61317] for POST '/session/1cc2797ef81760f56b80bc48f7002f4c/element'
20:01:42.838 [AsyncHttpClient-1-23] DEBUG org.asynchttpclient.netty.handler.HttpHandler - 

Request DefaultHttpRequest(decodeResult: success, version: HTTP/1.1)
POST /session/1cc2797ef81760f56b80bc48f7002f4c/element HTTP/1.1
User-Agent: selenium/4.1.2 (java windows)
Content-Length: 98
Content-Type: application/json; charset=utf-8
host: localhost:61317
accept: */*

Response DefaultHttpResponse(decodeResult: success, version: HTTP/1.1)
HTTP/1.1 200 OK
Content-Type: application/json; charset=utf-8
cache-control: no-cache
content-length: 88

20:01:42.839 [AsyncHttpClient-1-23] DEBUG org.asynchttpclient.netty.channel.ChannelManager - Adding key: http://localhost:61317 for channel [id: 0x447f1a2b, L:/127.0.0.1:60186 - R:localhost/127.0.0.1:61317]
20:01:42.844 [Forwarding isElementDisplayed on session 1cc2797ef81760f56b80bc48f7002f4c to remote] DEBUG org.asynchttpclient.netty.request.NettyRequestSender - Using pooled Channel '[id: 0x447f1a2b, L:/127.0.0.1:60186 - R:localhost/127.0.0.1:61317]' for 'POST' to 'http://localhost:61317/session/1cc2797ef81760f56b80bc48f7002f4c/execute/sync'
20:01:42.844 [Forwarding isElementDisplayed on session 1cc2797ef81760f56b80bc48f7002f4c to remote] DEBUG org.asynchttpclient.netty.request.NettyRequestSender - Using open Channel [id: 0x447f1a2b, L:/127.0.0.1:60186 - R:localhost/127.0.0.1:61317] for POST '/session/1cc2797ef81760f56b80bc48f7002f4c/execute/sync'
20:01:42.866 [AsyncHttpClient-1-23] DEBUG org.asynchttpclient.netty.handler.HttpHandler - 

Request DefaultHttpRequest(decodeResult: success, version: HTTP/1.1)
POST /session/1cc2797ef81760f56b80bc48f7002f4c/execute/sync HTTP/1.1
User-Agent: selenium/4.1.2 (java windows)
Content-Length: 48780
Content-Type: application/json; charset=utf-8
host: localhost:61317
accept: */*

Response DefaultHttpResponse(decodeResult: success, version: HTTP/1.1)
HTTP/1.1 200 OK
Content-Type: application/json; charset=utf-8
cache-control: no-cache
content-length: 14

20:01:42.866 [AsyncHttpClient-1-23] DEBUG org.asynchttpclient.netty.channel.ChannelManager - Adding key: http://localhost:61317 for channel [id: 0x447f1a2b, L:/127.0.0.1:60186 - R:localhost/127.0.0.1:61317]
  &amp#27;[32mThen &amp#27;[0m&amp#27;[32mI get warning error&amp#27;[0m            &amp#27;[90m# starter.stepdefinition.LoginSteps.iGetWarningError()&amp#27;[0m
20:01:42.868 [AsyncHttpClient-1-1] DEBUG org.asynchttpclient.netty.channel.DefaultChannelPool - Entry count for : http://localhost:60187 : 1
20:01:42.868 [AsyncHttpClient-1-1] DEBUG org.asynchttpclient.netty.channel.DefaultChannelPool - Entry count for : http://localhost:61317 : 1
20:01:42.873 [Forwarding screenshot on session 1cc2797ef81760f56b80bc48f7002f4c to remote] DEBUG org.asynchttpclient.netty.request.NettyRequestSender - Using pooled Channel '[id: 0x447f1a2b, L:/127.0.0.1:60186 - R:localhost/127.0.0.1:61317]' for 'GET' to 'http://localhost:61317/session/1cc2797ef81760f56b80bc48f7002f4c/screenshot'
20:01:42.874 [Forwarding screenshot on session 1cc2797ef81760f56b80bc48f7002f4c to remote] DEBUG org.asynchttpclient.netty.request.NettyRequestSender - Using open Channel [id: 0x447f1a2b, L:/127.0.0.1:60186 - R:localhost/127.0.0.1:61317] for GET '/session/1cc2797ef81760f56b80bc48f7002f4c/screenshot'
20:01:43.049 [AsyncHttpClient-1-23] DEBUG org.asynchttpclient.netty.handler.HttpHandler - 

Request DefaultFullHttpRequest(decodeResult: success, version: HTTP/1.1, content: EmptyByteBufBE)
GET /session/1cc2797ef81760f56b80bc48f7002f4c/screenshot HTTP/1.1
User-Agent: selenium/4.1.2 (java windows)
Cache-Control: no-cache
Content-Type: application/json; charset=utf-8
host: localhost:61317
accept: */*

Response DefaultHttpResponse(decodeResult: success, version: HTTP/1.1)
HTTP/1.1 200 OK
Content-Type: application/json; charset=utf-8
cache-control: no-cache
content-length: 88984

20:01:43.050 [AsyncHttpClient-1-23] DEBUG org.asynchttpclient.netty.channel.ChannelManager - Adding key: http://localhost:61317 for channel [id: 0x447f1a2b, L:/127.0.0.1:60186 - R:localhost/127.0.0.1:61317]
20:01:43.053 [main] DEBUG net.serenitybdd.core.photography.Darkroom - Send negative for processing for target\site\serenity\d949ffde2eb167c18fc7e487882c81425cbad5397dd1f2e952f907ed31697765.png
20:01:43.054 [main] INFO  - 
  _____   ___   ___   _____     ___     _     ___   ___   ___   ___  
 |_   _| | __| / __| |_   _|   | _ \   /_\   / __| / __| | __| |   \ 
   | |   | _|  \__ \   | |     |  _/  / _ \  \__ \ \__ \ | _|  | |) |
   |_|   |___| |___/   |_|     |_|   /_/ \_\ |___/ |___/ |___| |___/ 

Login with invalid password
----------------------------------------------------------------------
20:01:43.057 [AsyncHttpClient-1-25] DEBUG org.asynchttpclient.netty.handler.WebSocketHandler - Channel Closed: [id: 0x5f8b468a, L:/127.0.0.1:60194 ! R:localhost/127.0.0.1:60187] with attribute NettyResponseFuture{currentRetry=5,
	isDone=1,
	isCancelled=0,
	asyncHandler=org.asynchttpclient.ws.WebSocketUpgradeHandler@1ef99a91,
	nettyRequest=org.asynchttpclient.netty.request.NettyRequest@5bfb072a,
	future=java.util.concurrent.CompletableFuture@406e6b4d[Completed normally],
	uri=ws://localhost:60187/devtools/browser/8268203f-82d7-46dd-ab7a-ddf0d80ce4b8,
	keepAlive=true,
	redirectCount=0,
	timeoutsHolder=null,
	inAuth=0,
	touch=1665406891658}
20:01:43.058 [AsyncHttpClient-1-25] DEBUG org.asynchttpclient.netty.channel.ChannelManager - Closing Channel [id: 0x5f8b468a, L:/127.0.0.1:60194 ! R:localhost/127.0.0.1:60187] 
20:01:43.060 [Driver Command Executor] DEBUG org.asynchttpclient.netty.request.NettyRequestSender - Using pooled Channel '[id: 0x447f1a2b, L:/127.0.0.1:60186 - R:localhost/127.0.0.1:61317]' for 'DELETE' to 'http://localhost:61317/session/1cc2797ef81760f56b80bc48f7002f4c'
20:01:43.060 [Driver Command Executor] DEBUG org.asynchttpclient.netty.request.NettyRequestSender - Using open Channel [id: 0x447f1a2b, L:/127.0.0.1:60186 - R:localhost/127.0.0.1:61317] for DELETE '/session/1cc2797ef81760f56b80bc48f7002f4c'
20:01:43.108 [AsyncHttpClient-1-24] DEBUG org.asynchttpclient.netty.handler.HttpHandler - Unexpected I/O exception on channel [id: 0x0ff65110, L:/127.0.0.1:60193 - R:localhost/127.0.0.1:60187]
java.io.IOException: An existing connection was forcibly closed by the remote host
	at java.base/sun.nio.ch.SocketDispatcher.read0(Native Method)
	at java.base/sun.nio.ch.SocketDispatcher.read(SocketDispatcher.java:43)
	at java.base/sun.nio.ch.IOUtil.readIntoNativeBuffer(IOUtil.java:276)
	at java.base/sun.nio.ch.IOUtil.read(IOUtil.java:233)
	at java.base/sun.nio.ch.IOUtil.read(IOUtil.java:223)
	at java.base/sun.nio.ch.SocketChannelImpl.read(SocketChannelImpl.java:358)
	at io.netty.buffer.PooledByteBuf.setBytes(PooledByteBuf.java:258)
	at io.netty.buffer.AbstractByteBuf.writeBytes(AbstractByteBuf.java:1132)
	at io.netty.channel.socket.nio.NioSocketChannel.doReadBytes(NioSocketChannel.java:350)
	at io.netty.channel.nio.AbstractNioByteChannel$NioByteUnsafe.read(AbstractNioByteChannel.java:151)
	at io.netty.channel.nio.NioEventLoop.processSelectedKey(NioEventLoop.java:722)
	at io.netty.channel.nio.NioEventLoop.processSelectedKeysOptimized(NioEventLoop.java:658)
	at io.netty.channel.nio.NioEventLoop.processSelectedKeys(NioEventLoop.java:584)
	at io.netty.channel.nio.NioEventLoop.run(NioEventLoop.java:496)
	at io.netty.util.concurrent.SingleThreadEventExecutor$4.run(SingleThreadEventExecutor.java:986)
	at io.netty.util.internal.ThreadExecutorMap$2.run(ThreadExecutorMap.java:74)
	at io.netty.util.concurrent.FastThreadLocalRunnable.run(FastThreadLocalRunnable.java:30)
	at java.base/java.lang.Thread.run(Thread.java:834)
20:01:43.109 [AsyncHttpClient-1-24] DEBUG org.asynchttpclient.netty.channel.ChannelManager - Closing Channel [id: 0x0ff65110, L:/127.0.0.1:60193 - R:localhost/127.0.0.1:60187] 
20:01:43.110 [AsyncHttpClient-1-24] DEBUG org.asynchttpclient.netty.handler.HttpHandler - Channel Closed: [id: 0x0ff65110, L:/127.0.0.1:60193 ! R:localhost/127.0.0.1:60187] with attribute DISCARD
20:01:43.153 [AsyncHttpClient-1-23] DEBUG org.asynchttpclient.netty.handler.HttpHandler - 

Request DefaultFullHttpRequest(decodeResult: success, version: HTTP/1.1, content: EmptyByteBufBE)
DELETE /session/1cc2797ef81760f56b80bc48f7002f4c HTTP/1.1
User-Agent: selenium/4.1.2 (java windows)
Content-Type: application/json; charset=utf-8
host: localhost:61317
accept: */*

Response DefaultHttpResponse(decodeResult: success, version: HTTP/1.1)
HTTP/1.1 200 OK
Content-Type: application/json; charset=utf-8
cache-control: no-cache
content-length: 14

20:01:43.154 [AsyncHttpClient-1-23] DEBUG org.asynchttpclient.netty.channel.ChannelManager - Adding key: http://localhost:61317 for channel [id: 0x447f1a2b, L:/127.0.0.1:60186 - R:localhost/127.0.0.1:61317]
20:01:43.327 [AsyncHttpClient-1-23] DEBUG org.asynchttpclient.netty.handler.HttpHandler - Channel Closed: [id: 0x447f1a2b, L:/127.0.0.1:60186 ! R:localhost/127.0.0.1:61317] with attribute DISCARD
]]></system-out>
    <system-err><![CDATA[Starting ChromeDriver 106.0.5249.61 (511755355844955cd3e264779baf0dd38212a4d0-refs/branch-heads/5249@{#569}) on port 61317
Only local connections are allowed.
Please see https://chromedriver.chromium.org/security-considerations for suggestions on keeping ChromeDriver safe.
ChromeDriver was started successfully.
Oct 10, 2022 8:01:31 PM org.openqa.selenium.remote.ProtocolHandshake createSession
INFO: Detected dialect: W3C
Oct 10, 2022 8:01:31 PM org.openqa.selenium.devtools.CdpVersionFinder findNearestMatch
WARNING: Unable to find an exact match for CDP version 106, so returning the closest version found: a no-op implementation
Oct 10, 2022 8:01:31 PM org.openqa.selenium.devtools.CdpVersionFinder findNearestMatch
INFO: Unable to find CDP implementation matching 106.
Oct 10, 2022 8:01:31 PM org.openqa.selenium.chromium.ChromiumDriver lambda$new$3
WARNING: Unable to find version of CDP to use for . You may need to include a dependency on a specific version of the CDP using something similar to `org.seleniumhq.selenium:selenium-devtools-v86:4.1.2` where the version ("v86") matches the version of the chromium-based browser you're using and the version number of the artifact is the same as Selenium's.
]]></system-err>
  </testcase>
</testsuite>