<?xml version="1.0" encoding="UTF-8" standalone="no"?><testsuite errors="0" failures="0" name="Login" skipped="0" tests="8" time="139.91" timestamp="2022-10-10 07:59:19"><testcase name="Login with invalid username and invalid password"/><testcase name="Login with invalid username and valid password"/><testcase name="Login with valid username and invalid password"/><testcase name="Login with valid username and valid password"/><testcase name="Login with valid username"/><testcase name="Login with valid password"/><testcase name="Login with invalid username"/><testcase name="Login with invalid password"/></testsuite>