-------------------------------------------------------------------------------
Test set: User login
-------------------------------------------------------------------------------
Tests run: 2, Failures: 0, Errors: 1, Skipped: 0, Time elapsed: 36.161 s <<< FAILURE! - in User login
User login.Login with invalid username and password  Time elapsed: 32.231 s  <<< ERROR!
net.serenitybdd.core.exceptions.SerenityManagedException: 
1 expectation failed.
Expected status code <401> but was <522>.


