<?xml version="1.0" encoding="UTF-8"?><testsuite errors="0" failures="0" name="Login" skipped="0" tests="6" time="0.23" timestamp="2022-09-28 09:00:12"><testcase name="Login with null email and null password"/><testcase name="Login with null email and invalid password"/><testcase name="Login with null email and valid password"/><testcase name="Login with invalid email and null password"/><testcase name="Login with valid email and null password"/><testcase name="Logout with valid email and valid password"/></testsuite>